<?xml version="1.0" encoding="UTF-8"?>
<testsuites name="Test1" time="189" tests="10" failures="0" errors="0">
   <testsuite name="Test1" tests="10" failures="0" errors="0" time="189" timestamp="2019-03-11 08:59:25" hostname="e-science - e-sciences-mini" id="Test Suites/Test1">
      <properties>
         <property name="deviceName" value=""/>
         <property name="devicePlatform" value=""/>
         <property name="logFolder" value="/Users/e-science/Desktop/git/QATS-PMRS/Reports/Test1/20190311_085920"/>
         <property name="logFiles" value="/Users/e-science/Desktop/git/QATS-PMRS/Reports/Test1/20190311_085920/execution0.log"/>
         <property name="attachments" value=""/>
         <property name="hostName" value="e-science - e-sciences-mini"/>
         <property name="os" value="Mac OS X 64bit"/>
         <property name="katalonVersion" value="6.0.5.4"/>
         <property name="browser" value="Chrome 72.0.3626.121"/>
         <property name="hostAddress" value="192.168.52.25"/>
         <property name="sessionId" value="8de8206beaa5c38206fbac2e4f0c2c06"/>
         <property name="seleniumVersion" value="3.7.1"/>
         <property name="proxyInformation" value="ProxyInformation{proxyOption=NO_PROXY, proxyServerType=HTTP, password=, proxyServerAddress=, proxyServerPort=0}"/>
         <property name="platform" value="Mac OS X"/>
      </properties>
      <testcase name="Test Cases/Queue Management/QM-008" classname="Test Cases/Queue Management/QM-008" status="PASSED">
         <system-out><![CDATA[2019-03-11 08:59:25 - [TEST_CASE][PASSED] - Test Cases/Queue Management/QM-008: Test Cases/Queue Management/QM-008

2019-03-11 08:59:26 - [TEST_STEP][PASSED] - openBrowser(""): Browser is opened with url: ''

2019-03-11 08:59:27 - [MESSAGE][INFO] - Starting 'Chrome' driver

2019-03-11 08:59:27 - [MESSAGE][INFO] - Action delay is set to 0 seconds

2019-03-11 08:59:30 - [MESSAGE][PASSED] - Browser is opened with url: ''

2019-03-11 08:59:30 - [TEST_STEP][PASSED] - navigateToUrl("https://pmrsqa.eschost2.com/"): Navigate to 'https://pmrsqa.eschost2.com/' successfully

2019-03-11 08:59:34 - [MESSAGE][PASSED] - Navigate to 'https://pmrsqa.eschost2.com/' successfully

2019-03-11 08:59:34 - [TEST_STEP][PASSED] - callTestCase(findTestCase("Log In"), [:], STOP_ON_FAILURE): Call Test Case 'Test Cases/Log In' successfully

2019-03-11 08:59:34 - [TEST_CASE][PASSED] - Test Cases/Log In: Test Cases/Log In

2019-03-11 08:59:34 - [TEST_STEP][PASSED] - delay(2): Delayed 2 second(s)

2019-03-11 08:59:36 - [MESSAGE][PASSED] - Delayed 2 second(s)

2019-03-11 08:59:36 - [TEST_STEP][PASSED] - setText(findTestObject("Object Repository/Log In/Page_PMRS Web Application/input_Username_mat-input-0"), "hughes.m@electronicscience.com"): Text 'hughes.m@electronicscience.com' is set on object 'Object Repository/Log In/Page_PMRS Web Application/input_Username_mat-input-0'

2019-03-11 08:59:37 - [MESSAGE][PASSED] - Text 'hughes.m@electronicscience.com' is set on object 'Object Repository/Log In/Page_PMRS Web Application/input_Username_mat-input-0'

2019-03-11 08:59:37 - [TEST_STEP][PASSED] - setEncryptedText(findTestObject("Object Repository/Log In/Page_PMRS Web Application/input_Username_mat-input-1"), "pvl9UeBNnak165xxUnzI6w=="): Text ****** has been set on object 'Object Repository/Log In/Page_PMRS Web Application/input_Username_mat-input-1'

2019-03-11 08:59:37 - [MESSAGE][PASSED] - Text ****** has been set on object 'Object Repository/Log In/Page_PMRS Web Application/input_Username_mat-input-1'

2019-03-11 08:59:37 - [TEST_STEP][PASSED] - click(findTestObject("Object Repository/Log In/Page_PMRS Web Application/button_Login")): Object: 'Object Repository/Log In/Page_PMRS Web Application/button_Login' is clicked on

2019-03-11 08:59:38 - [MESSAGE][PASSED] - Object: 'Object Repository/Log In/Page_PMRS Web Application/button_Login' is clicked on

2019-03-11 08:59:38 - [MESSAGE][PASSED] - Call Test Case 'Test Cases/Log In' successfully

2019-03-11 08:59:38 - [TEST_STEP][PASSED] - delay(1): Delayed 1 second(s)

2019-03-11 08:59:39 - [MESSAGE][PASSED] - Delayed 1 second(s)

2019-03-11 08:59:39 - [TEST_STEP][PASSED] - callTestCase(findTestCase("Change Doctors"), [:], STOP_ON_FAILURE): Call Test Case 'Test Cases/Change Doctors' successfully

2019-03-11 08:59:39 - [TEST_CASE][PASSED] - Test Cases/Change Doctors: Test Cases/Change Doctors

2019-03-11 08:59:39 - [TEST_STEP][PASSED] - click(findTestObject("Main/Page_PMRS Web Application/Landing Page/div_Dina  Tuto")): Object: 'Object Repository/Main/Page_PMRS Web Application/Landing Page/div_Dina  Tuto' is clicked on

2019-03-11 08:59:41 - [MESSAGE][PASSED] - Object: 'Object Repository/Main/Page_PMRS Web Application/Landing Page/div_Dina  Tuto' is clicked on

2019-03-11 08:59:41 - [TEST_STEP][PASSED] - delay(1): Delayed 1 second(s)

2019-03-11 08:59:42 - [MESSAGE][PASSED] - Delayed 1 second(s)

2019-03-11 08:59:42 - [TEST_STEP][PASSED] - click(findTestObject("Main/Page_PMRS Web Application/Landing Page/Doctor List Dropdown/mat-option_Gregor Di Matibag")): Object: 'Object Repository/Main/Page_PMRS Web Application/Landing Page/Doctor List Dropdown/mat-option_Gregor Di Matibag' is clicked on

2019-03-11 08:59:42 - [MESSAGE][PASSED] - Object: 'Object Repository/Main/Page_PMRS Web Application/Landing Page/Doctor List Dropdown/mat-option_Gregor Di Matibag' is clicked on

2019-03-11 08:59:42 - [MESSAGE][PASSED] - Call Test Case 'Test Cases/Change Doctors' successfully

2019-03-11 08:59:42 - [TEST_STEP][PASSED] - delay(1): Delayed 1 second(s)

2019-03-11 08:59:43 - [MESSAGE][PASSED] - Delayed 1 second(s)

2019-03-11 08:59:43 - [TEST_STEP][PASSED] - callTestCase(findTestCase("Add Appointment Button"), [:], STOP_ON_FAILURE): Call Test Case 'Test Cases/Add Appointment Button' successfully

2019-03-11 08:59:43 - [TEST_CASE][PASSED] - Test Cases/Add Appointment Button: Test Cases/Add Appointment Button

2019-03-11 08:59:43 - [TEST_STEP][PASSED] - verifyElementPresent(findTestObject("Main/Page_PMRS Web Application/Landing Page/Add Button"), 0): Object 'Object Repository/Main/Page_PMRS Web Application/Landing Page/Add Button' is present

2019-03-11 08:59:43 - [MESSAGE][WARNING] - Timeout '0' is invalid. Using default page load timeout: '30'

2019-03-11 08:59:43 - [MESSAGE][PASSED] - Object 'Object Repository/Main/Page_PMRS Web Application/Landing Page/Add Button' is present

2019-03-11 08:59:43 - [TEST_STEP][PASSED] - verifyElementVisible(findTestObject("Main/Page_PMRS Web Application/Landing Page/Add Button")): Object 'Object Repository/Main/Page_PMRS Web Application/Landing Page/Add Button' is visible

2019-03-11 08:59:43 - [MESSAGE][PASSED] - Object 'Object Repository/Main/Page_PMRS Web Application/Landing Page/Add Button' is visible

2019-03-11 08:59:43 - [TEST_STEP][PASSED] - click(findTestObject("Main/Page_PMRS Web Application/Landing Page/Add Button")): Object: 'Object Repository/Main/Page_PMRS Web Application/Landing Page/Add Button' is clicked on

2019-03-11 08:59:43 - [MESSAGE][PASSED] - Object: 'Object Repository/Main/Page_PMRS Web Application/Landing Page/Add Button' is clicked on

2019-03-11 08:59:43 - [MESSAGE][PASSED] - Call Test Case 'Test Cases/Add Appointment Button' successfully

2019-03-11 08:59:43 - [TEST_STEP][PASSED] - verifyElementVisible(findTestObject("Main/Page_PMRS Web Application/Dialog Elements/Labels, Titles/h1_Add Appointment"), STOP_ON_FAILURE): Object 'Object Repository/Main/Page_PMRS Web Application/Dialog Elements/Labels, Titles/h1_Add Appointment' is visible

2019-03-11 08:59:44 - [MESSAGE][PASSED] - Object 'Object Repository/Main/Page_PMRS Web Application/Dialog Elements/Labels, Titles/h1_Add Appointment' is visible

2019-03-11 08:59:44 - [TEST_STEP][PASSED] - verifyElementVisible(findTestObject("Main/Page_PMRS Web Application/Dialog Elements/Labels, Titles/p_DR DINA  TUTO")): Object 'Object Repository/Main/Page_PMRS Web Application/Dialog Elements/Labels, Titles/p_DR DINA  TUTO' is visible

2019-03-11 08:59:44 - [MESSAGE][PASSED] - Object 'Object Repository/Main/Page_PMRS Web Application/Dialog Elements/Labels, Titles/p_DR DINA  TUTO' is visible

2019-03-11 08:59:44 - [TEST_STEP][PASSED] - verifyElementVisible(findTestObject("Main/Page_PMRS Web Application/Dialog Elements/Labels, Titles/h6_EstimatedServiceTime"), STOP_ON_FAILURE): Object 'Object Repository/Main/Page_PMRS Web Application/Dialog Elements/Labels, Titles/h6_EstimatedServiceTime' is visible

2019-03-11 08:59:44 - [MESSAGE][PASSED] - Object 'Object Repository/Main/Page_PMRS Web Application/Dialog Elements/Labels, Titles/h6_EstimatedServiceTime' is visible

2019-03-11 08:59:44 - [TEST_STEP][PASSED] - verifyElementPresent(findTestObject("Main/Page_PMRS Web Application/Dialog Elements/Labels, Titles/h6_0400"), 0): Object 'Object Repository/Main/Page_PMRS Web Application/Dialog Elements/Labels, Titles/h6_0400' is present

2019-03-11 08:59:44 - [MESSAGE][WARNING] - Timeout '0' is invalid. Using default page load timeout: '30'

2019-03-11 08:59:44 - [MESSAGE][PASSED] - Object 'Object Repository/Main/Page_PMRS Web Application/Dialog Elements/Labels, Titles/h6_0400' is present

2019-03-11 08:59:44 - [TEST_STEP][PASSED] - verifyElementPresent(findTestObject("Main/Page_PMRS Web Application/Dialog Elements/Labels, Titles/h5_PM"), 0): Object 'Object Repository/Main/Page_PMRS Web Application/Dialog Elements/Labels, Titles/h5_PM' is present

2019-03-11 08:59:44 - [MESSAGE][WARNING] - Timeout '0' is invalid. Using default page load timeout: '30'

2019-03-11 08:59:44 - [MESSAGE][PASSED] - Object 'Object Repository/Main/Page_PMRS Web Application/Dialog Elements/Labels, Titles/h5_PM' is present

2019-03-11 08:59:44 - [TEST_STEP][PASSED] - verifyElementVisible(findTestObject("Main/Page_PMRS Web Application/Dialog Elements/Labels, Titles/mat-label_PATIENT"), STOP_ON_FAILURE): Object 'Object Repository/Main/Page_PMRS Web Application/Dialog Elements/Labels, Titles/mat-label_PATIENT' is visible

2019-03-11 08:59:44 - [MESSAGE][PASSED] - Object 'Object Repository/Main/Page_PMRS Web Application/Dialog Elements/Labels, Titles/mat-label_PATIENT' is visible

2019-03-11 08:59:44 - [TEST_STEP][PASSED] - verifyElementVisible(findTestObject("Main/Page_PMRS Web Application/Dialog Elements/input_PATIENT_mat-input-2")): Object 'Object Repository/Main/Page_PMRS Web Application/Dialog Elements/input_PATIENT_mat-input-2' is visible

2019-03-11 08:59:44 - [MESSAGE][PASSED] - Object 'Object Repository/Main/Page_PMRS Web Application/Dialog Elements/input_PATIENT_mat-input-2' is visible

2019-03-11 08:59:44 - [TEST_STEP][PASSED] - verifyElementText(findTestObject("Main/Page_PMRS Web Application/Dialog Elements/Labels, Titles/mat-label_NICKNAME"), "NICKNAME"): Actual text and expected text of test object 'Object Repository/Main/Page_PMRS Web Application/Dialog Elements/Labels, Titles/mat-label_NICKNAME' are matched.

2019-03-11 08:59:44 - [MESSAGE][PASSED] - Actual text and expected text of test object 'Object Repository/Main/Page_PMRS Web Application/Dialog Elements/Labels, Titles/mat-label_NICKNAME' are matched.

2019-03-11 08:59:44 - [TEST_STEP][PASSED] - verifyElementVisible(findTestObject("Main/Page_PMRS Web Application/Dialog Elements/input_NICKNAME_mat-input-3")): Object 'Object Repository/Main/Page_PMRS Web Application/Dialog Elements/input_NICKNAME_mat-input-3' is visible

2019-03-11 08:59:44 - [MESSAGE][PASSED] - Object 'Object Repository/Main/Page_PMRS Web Application/Dialog Elements/input_NICKNAME_mat-input-3' is visible

2019-03-11 08:59:44 - [TEST_STEP][PASSED] - verifyElementPresent(findTestObject("Main/Page_PMRS Web Application/Dialog Elements/Labels, Titles/label_PRIORITY PATIENT"), 0): Object 'Object Repository/Main/Page_PMRS Web Application/Dialog Elements/Labels, Titles/label_PRIORITY PATIENT' is present

2019-03-11 08:59:44 - [MESSAGE][WARNING] - Timeout '0' is invalid. Using default page load timeout: '30'

2019-03-11 08:59:44 - [MESSAGE][PASSED] - Object 'Object Repository/Main/Page_PMRS Web Application/Dialog Elements/Labels, Titles/label_PRIORITY PATIENT' is present

2019-03-11 08:59:44 - [TEST_STEP][PASSED] - verifyElementClickable(findTestObject("Main/Page_PMRS Web Application/Dialog Elements/div_NICKNAME_mat-checkbox-inner-container")): Object 'Object Repository/Main/Page_PMRS Web Application/Dialog Elements/div_NICKNAME_mat-checkbox-inner-container' is clickable

2019-03-11 08:59:44 - [MESSAGE][PASSED] - Object 'Object Repository/Main/Page_PMRS Web Application/Dialog Elements/div_NICKNAME_mat-checkbox-inner-container' is clickable

2019-03-11 08:59:44 - [TEST_STEP][PASSED] - click(findTestObject("Main/Page_PMRS Web Application/Dialog Elements/div_NICKNAME_mat-checkbox-inner-container")): Object: 'Object Repository/Main/Page_PMRS Web Application/Dialog Elements/div_NICKNAME_mat-checkbox-inner-container' is clicked on

2019-03-11 08:59:45 - [MESSAGE][PASSED] - Object: 'Object Repository/Main/Page_PMRS Web Application/Dialog Elements/div_NICKNAME_mat-checkbox-inner-container' is clicked on

2019-03-11 08:59:45 - [TEST_STEP][PASSED] - delay(1): Delayed 1 second(s)

2019-03-11 08:59:46 - [MESSAGE][PASSED] - Delayed 1 second(s)

2019-03-11 08:59:46 - [TEST_STEP][PASSED] - click(findTestObject("Main/Page_PMRS Web Application/Dialog Elements/div_NICKNAME_mat-checkbox-inner-container")): Object: 'Object Repository/Main/Page_PMRS Web Application/Dialog Elements/div_NICKNAME_mat-checkbox-inner-container' is clicked on

2019-03-11 08:59:46 - [MESSAGE][PASSED] - Object: 'Object Repository/Main/Page_PMRS Web Application/Dialog Elements/div_NICKNAME_mat-checkbox-inner-container' is clicked on

2019-03-11 08:59:46 - [TEST_STEP][PASSED] - verifyElementVisible(findTestObject("Main/Page_PMRS Web Application/Dialog Elements/Labels, Titles/mat-label_SELECT DATE  TIME"), STOP_ON_FAILURE): Object 'Object Repository/Main/Page_PMRS Web Application/Dialog Elements/Labels, Titles/mat-label_SELECT DATE  TIME' is visible

2019-03-11 08:59:46 - [MESSAGE][PASSED] - Object 'Object Repository/Main/Page_PMRS Web Application/Dialog Elements/Labels, Titles/mat-label_SELECT DATE  TIME' is visible

2019-03-11 08:59:46 - [TEST_STEP][PASSED] - click(findTestObject("Main/Page_PMRS Web Application/Dialog Elements/Labels, Titles/input_SELECT DATE  TIME_mat-input-4")): Object: 'Object Repository/Main/Page_PMRS Web Application/Dialog Elements/Labels, Titles/input_SELECT DATE  TIME_mat-input-4' is clicked on

2019-03-11 08:59:46 - [MESSAGE][PASSED] - Object: 'Object Repository/Main/Page_PMRS Web Application/Dialog Elements/Labels, Titles/input_SELECT DATE  TIME_mat-input-4' is clicked on

2019-03-11 08:59:46 - [TEST_STEP][PASSED] - verifyElementText(findTestObject("Main/Page_PMRS Web Application/Dialog Elements/Labels, Titles/p_By proceeding I confirm that I have obtained consent to store the PATIENT MOBILE NO.  NAME."), "By proceeding, I confirm that I have obtained consent to store the PATIENT MOBILE NO. & NAME."): Actual text and expected text of test object 'Object Repository/Main/Page_PMRS Web Application/Dialog Elements/Labels, Titles/p_By proceeding I confirm that I have obtained consent to store the PATIENT MOBILE NO.  NAME.' are matched.

2019-03-11 08:59:46 - [MESSAGE][PASSED] - Actual text and expected text of test object 'Object Repository/Main/Page_PMRS Web Application/Dialog Elements/Labels, Titles/p_By proceeding I confirm that I have obtained consent to store the PATIENT MOBILE NO.  NAME.' are matched.

2019-03-11 08:59:46 - [TEST_STEP][PASSED] - verifyElementVisible(findTestObject("Main/Page_PMRS Web Application/Dialog Elements/button_CONFIRM")): Object 'Object Repository/Main/Page_PMRS Web Application/Dialog Elements/button_CONFIRM' is visible

2019-03-11 08:59:46 - [MESSAGE][PASSED] - Object 'Object Repository/Main/Page_PMRS Web Application/Dialog Elements/button_CONFIRM' is visible

2019-03-11 08:59:46 - [TEST_STEP][PASSED] - verifyElementClickable(findTestObject("Main/Page_PMRS Web Application/Dialog Elements/button_CONFIRM")): Object 'Object Repository/Main/Page_PMRS Web Application/Dialog Elements/button_CONFIRM' is clickable

2019-03-11 08:59:46 - [MESSAGE][PASSED] - Object 'Object Repository/Main/Page_PMRS Web Application/Dialog Elements/button_CONFIRM' is clickable

2019-03-11 08:59:46 - [TEST_STEP][PASSED] - verifyElementVisible(findTestObject("Main/Page_PMRS Web Application/Dialog Elements/button_CANCEL")): Object 'Object Repository/Main/Page_PMRS Web Application/Dialog Elements/button_CANCEL' is visible

2019-03-11 08:59:46 - [MESSAGE][PASSED] - Object 'Object Repository/Main/Page_PMRS Web Application/Dialog Elements/button_CANCEL' is visible

2019-03-11 08:59:46 - [TEST_STEP][PASSED] - verifyElementClickable(findTestObject("Main/Page_PMRS Web Application/Dialog Elements/button_CANCEL")): Object 'Object Repository/Main/Page_PMRS Web Application/Dialog Elements/button_CANCEL' is clickable

2019-03-11 08:59:46 - [MESSAGE][PASSED] - Object 'Object Repository/Main/Page_PMRS Web Application/Dialog Elements/button_CANCEL' is clickable]]></system-out>
         <system-err><![CDATA[]]></system-err>
      </testcase>
      <testcase name="Test Cases/Queue Management/QM-012" classname="Test Cases/Queue Management/QM-012" status="PASSED">
         <system-out><![CDATA[2019-03-11 08:59:46 - [TEST_CASE][PASSED] - Test Cases/Queue Management/QM-012: Test Cases/Queue Management/QM-012

2019-03-11 08:59:46 - [TEST_STEP][PASSED] - openBrowser(""): Browser is opened with url: ''

2019-03-11 08:59:46 - [MESSAGE][WARNING] - A browser is already opened. Closing browser and opening a new one

2019-03-11 08:59:47 - [MESSAGE][INFO] - Starting 'Chrome' driver

2019-03-11 08:59:48 - [MESSAGE][PASSED] - Browser is opened with url: ''

2019-03-11 08:59:48 - [TEST_STEP][PASSED] - navigateToUrl("https://pmrsqa.eschost2.com/"): Navigate to 'https://pmrsqa.eschost2.com/' successfully

2019-03-11 08:59:50 - [MESSAGE][PASSED] - Navigate to 'https://pmrsqa.eschost2.com/' successfully

2019-03-11 08:59:50 - [TEST_STEP][PASSED] - callTestCase(findTestCase("Log In"), [:], STOP_ON_FAILURE): Call Test Case 'Test Cases/Log In' successfully

2019-03-11 08:59:50 - [TEST_CASE][PASSED] - Test Cases/Log In: Test Cases/Log In

2019-03-11 08:59:50 - [TEST_STEP][PASSED] - delay(2): Delayed 2 second(s)

2019-03-11 08:59:52 - [MESSAGE][PASSED] - Delayed 2 second(s)

2019-03-11 08:59:52 - [TEST_STEP][PASSED] - setText(findTestObject("Object Repository/Log In/Page_PMRS Web Application/input_Username_mat-input-0"), "hughes.m@electronicscience.com"): Text 'hughes.m@electronicscience.com' is set on object 'Object Repository/Log In/Page_PMRS Web Application/input_Username_mat-input-0'

2019-03-11 08:59:52 - [MESSAGE][PASSED] - Text 'hughes.m@electronicscience.com' is set on object 'Object Repository/Log In/Page_PMRS Web Application/input_Username_mat-input-0'

2019-03-11 08:59:52 - [TEST_STEP][PASSED] - setEncryptedText(findTestObject("Object Repository/Log In/Page_PMRS Web Application/input_Username_mat-input-1"), "pvl9UeBNnak165xxUnzI6w=="): Text ****** has been set on object 'Object Repository/Log In/Page_PMRS Web Application/input_Username_mat-input-1'

2019-03-11 08:59:53 - [MESSAGE][PASSED] - Text ****** has been set on object 'Object Repository/Log In/Page_PMRS Web Application/input_Username_mat-input-1'

2019-03-11 08:59:53 - [TEST_STEP][PASSED] - click(findTestObject("Object Repository/Log In/Page_PMRS Web Application/button_Login")): Object: 'Object Repository/Log In/Page_PMRS Web Application/button_Login' is clicked on

2019-03-11 08:59:53 - [MESSAGE][PASSED] - Object: 'Object Repository/Log In/Page_PMRS Web Application/button_Login' is clicked on

2019-03-11 08:59:53 - [MESSAGE][PASSED] - Call Test Case 'Test Cases/Log In' successfully

2019-03-11 08:59:53 - [TEST_STEP][PASSED] - delay(2): Delayed 2 second(s)

2019-03-11 08:59:55 - [MESSAGE][PASSED] - Delayed 2 second(s)

2019-03-11 08:59:55 - [TEST_STEP][PASSED] - callTestCase(findTestCase("Change Doctors"), [:], STOP_ON_FAILURE): Call Test Case 'Test Cases/Change Doctors' successfully

2019-03-11 08:59:55 - [TEST_CASE][PASSED] - Test Cases/Change Doctors: Test Cases/Change Doctors

2019-03-11 08:59:55 - [TEST_STEP][PASSED] - click(findTestObject("Main/Page_PMRS Web Application/Landing Page/div_Dina  Tuto")): Object: 'Object Repository/Main/Page_PMRS Web Application/Landing Page/div_Dina  Tuto' is clicked on

2019-03-11 08:59:56 - [MESSAGE][PASSED] - Object: 'Object Repository/Main/Page_PMRS Web Application/Landing Page/div_Dina  Tuto' is clicked on

2019-03-11 08:59:56 - [TEST_STEP][PASSED] - delay(1): Delayed 1 second(s)

2019-03-11 08:59:57 - [MESSAGE][PASSED] - Delayed 1 second(s)

2019-03-11 08:59:57 - [TEST_STEP][PASSED] - click(findTestObject("Main/Page_PMRS Web Application/Landing Page/Doctor List Dropdown/mat-option_Gregor Di Matibag")): Object: 'Object Repository/Main/Page_PMRS Web Application/Landing Page/Doctor List Dropdown/mat-option_Gregor Di Matibag' is clicked on

2019-03-11 08:59:57 - [MESSAGE][PASSED] - Object: 'Object Repository/Main/Page_PMRS Web Application/Landing Page/Doctor List Dropdown/mat-option_Gregor Di Matibag' is clicked on

2019-03-11 08:59:57 - [MESSAGE][PASSED] - Call Test Case 'Test Cases/Change Doctors' successfully

2019-03-11 08:59:57 - [TEST_STEP][PASSED] - delay(2): Delayed 2 second(s)

2019-03-11 08:59:59 - [MESSAGE][PASSED] - Delayed 2 second(s)

2019-03-11 08:59:59 - [TEST_STEP][PASSED] - callTestCase(findTestCase("Add Appointment Button"), [:], STOP_ON_FAILURE): Call Test Case 'Test Cases/Add Appointment Button' successfully

2019-03-11 08:59:59 - [TEST_CASE][PASSED] - Test Cases/Add Appointment Button: Test Cases/Add Appointment Button

2019-03-11 08:59:59 - [TEST_STEP][PASSED] - verifyElementPresent(findTestObject("Main/Page_PMRS Web Application/Landing Page/Add Button"), 0): Object 'Object Repository/Main/Page_PMRS Web Application/Landing Page/Add Button' is present

2019-03-11 08:59:59 - [MESSAGE][WARNING] - Timeout '0' is invalid. Using default page load timeout: '30'

2019-03-11 08:59:59 - [MESSAGE][PASSED] - Object 'Object Repository/Main/Page_PMRS Web Application/Landing Page/Add Button' is present

2019-03-11 08:59:59 - [TEST_STEP][PASSED] - verifyElementVisible(findTestObject("Main/Page_PMRS Web Application/Landing Page/Add Button")): Object 'Object Repository/Main/Page_PMRS Web Application/Landing Page/Add Button' is visible

2019-03-11 08:59:59 - [MESSAGE][PASSED] - Object 'Object Repository/Main/Page_PMRS Web Application/Landing Page/Add Button' is visible

2019-03-11 08:59:59 - [TEST_STEP][PASSED] - click(findTestObject("Main/Page_PMRS Web Application/Landing Page/Add Button")): Object: 'Object Repository/Main/Page_PMRS Web Application/Landing Page/Add Button' is clicked on

2019-03-11 08:59:59 - [MESSAGE][PASSED] - Object: 'Object Repository/Main/Page_PMRS Web Application/Landing Page/Add Button' is clicked on

2019-03-11 08:59:59 - [MESSAGE][PASSED] - Call Test Case 'Test Cases/Add Appointment Button' successfully

2019-03-11 08:59:59 - [TEST_STEP][PASSED] - verifyElementHasAttribute(findTestObject("Main/Page_PMRS Web Application/Dialog Elements/input_PATIENT_mat-input-2"), "ng-reflect-placeholder", 0): Object 'Object Repository/Main/Page_PMRS Web Application/Dialog Elements/input_PATIENT_mat-input-2' has attribute 'ng-reflect-placeholder'

2019-03-11 08:59:59 - [MESSAGE][WARNING] - Timeout '0' is invalid. Using default page load timeout: '30'

2019-03-11 09:00:00 - [MESSAGE][PASSED] - Object 'Object Repository/Main/Page_PMRS Web Application/Dialog Elements/input_PATIENT_mat-input-2' has attribute 'ng-reflect-placeholder'

2019-03-11 09:00:00 - [TEST_STEP][PASSED] - verifyElementAttributeValue(findTestObject("Main/Page_PMRS Web Application/Dialog Elements/input_PATIENT_mat-input-2"), "ng-reflect-placeholder", "Enter email address or mobile", 0): Object 'Object Repository/Main/Page_PMRS Web Application/Dialog Elements/input_PATIENT_mat-input-2' has attribute 'ng-reflect-placeholder' with value 'Enter email address or mobile'

2019-03-11 09:00:00 - [MESSAGE][WARNING] - Timeout '0' is invalid. Using default page load timeout: '30'

2019-03-11 09:00:00 - [MESSAGE][PASSED] - Object 'Object Repository/Main/Page_PMRS Web Application/Dialog Elements/input_PATIENT_mat-input-2' has attribute 'ng-reflect-placeholder' with value 'Enter email address or mobile']]></system-out>
         <system-err><![CDATA[]]></system-err>
      </testcase>
      <testcase name="Test Cases/Queue Management/QM-013" classname="Test Cases/Queue Management/QM-013" status="PASSED">
         <system-out><![CDATA[2019-03-11 09:00:00 - [TEST_CASE][PASSED] - Test Cases/Queue Management/QM-013: Test Cases/Queue Management/QM-013

2019-03-11 09:00:00 - [TEST_STEP][PASSED] - openBrowser(""): Browser is opened with url: ''

2019-03-11 09:00:00 - [MESSAGE][WARNING] - A browser is already opened. Closing browser and opening a new one

2019-03-11 09:00:00 - [MESSAGE][INFO] - Starting 'Chrome' driver

2019-03-11 09:00:02 - [MESSAGE][PASSED] - Browser is opened with url: ''

2019-03-11 09:00:02 - [TEST_STEP][PASSED] - navigateToUrl("https://pmrsqa.eschost2.com/"): Navigate to 'https://pmrsqa.eschost2.com/' successfully

2019-03-11 09:00:04 - [MESSAGE][PASSED] - Navigate to 'https://pmrsqa.eschost2.com/' successfully

2019-03-11 09:00:04 - [TEST_STEP][PASSED] - callTestCase(findTestCase("Log In"), [:], STOP_ON_FAILURE): Call Test Case 'Test Cases/Log In' successfully

2019-03-11 09:00:04 - [TEST_CASE][PASSED] - Test Cases/Log In: Test Cases/Log In

2019-03-11 09:00:04 - [TEST_STEP][PASSED] - delay(2): Delayed 2 second(s)

2019-03-11 09:00:06 - [MESSAGE][PASSED] - Delayed 2 second(s)

2019-03-11 09:00:06 - [TEST_STEP][PASSED] - setText(findTestObject("Object Repository/Log In/Page_PMRS Web Application/input_Username_mat-input-0"), "hughes.m@electronicscience.com"): Text 'hughes.m@electronicscience.com' is set on object 'Object Repository/Log In/Page_PMRS Web Application/input_Username_mat-input-0'

2019-03-11 09:00:07 - [MESSAGE][PASSED] - Text 'hughes.m@electronicscience.com' is set on object 'Object Repository/Log In/Page_PMRS Web Application/input_Username_mat-input-0'

2019-03-11 09:00:07 - [TEST_STEP][PASSED] - setEncryptedText(findTestObject("Object Repository/Log In/Page_PMRS Web Application/input_Username_mat-input-1"), "pvl9UeBNnak165xxUnzI6w=="): Text ****** has been set on object 'Object Repository/Log In/Page_PMRS Web Application/input_Username_mat-input-1'

2019-03-11 09:00:07 - [MESSAGE][PASSED] - Text ****** has been set on object 'Object Repository/Log In/Page_PMRS Web Application/input_Username_mat-input-1'

2019-03-11 09:00:07 - [TEST_STEP][PASSED] - click(findTestObject("Object Repository/Log In/Page_PMRS Web Application/button_Login")): Object: 'Object Repository/Log In/Page_PMRS Web Application/button_Login' is clicked on

2019-03-11 09:00:07 - [MESSAGE][PASSED] - Object: 'Object Repository/Log In/Page_PMRS Web Application/button_Login' is clicked on

2019-03-11 09:00:07 - [MESSAGE][PASSED] - Call Test Case 'Test Cases/Log In' successfully

2019-03-11 09:00:07 - [TEST_STEP][PASSED] - delay(2): Delayed 2 second(s)

2019-03-11 09:00:09 - [MESSAGE][PASSED] - Delayed 2 second(s)

2019-03-11 09:00:09 - [TEST_STEP][PASSED] - callTestCase(findTestCase("Change Doctors"), [:], STOP_ON_FAILURE): Call Test Case 'Test Cases/Change Doctors' successfully

2019-03-11 09:00:09 - [TEST_CASE][PASSED] - Test Cases/Change Doctors: Test Cases/Change Doctors

2019-03-11 09:00:09 - [TEST_STEP][PASSED] - click(findTestObject("Main/Page_PMRS Web Application/Landing Page/div_Dina  Tuto")): Object: 'Object Repository/Main/Page_PMRS Web Application/Landing Page/div_Dina  Tuto' is clicked on

2019-03-11 09:00:10 - [MESSAGE][PASSED] - Object: 'Object Repository/Main/Page_PMRS Web Application/Landing Page/div_Dina  Tuto' is clicked on

2019-03-11 09:00:10 - [TEST_STEP][PASSED] - delay(1): Delayed 1 second(s)

2019-03-11 09:00:11 - [MESSAGE][PASSED] - Delayed 1 second(s)

2019-03-11 09:00:11 - [TEST_STEP][PASSED] - click(findTestObject("Main/Page_PMRS Web Application/Landing Page/Doctor List Dropdown/mat-option_Gregor Di Matibag")): Object: 'Object Repository/Main/Page_PMRS Web Application/Landing Page/Doctor List Dropdown/mat-option_Gregor Di Matibag' is clicked on

2019-03-11 09:00:11 - [MESSAGE][PASSED] - Object: 'Object Repository/Main/Page_PMRS Web Application/Landing Page/Doctor List Dropdown/mat-option_Gregor Di Matibag' is clicked on

2019-03-11 09:00:11 - [MESSAGE][PASSED] - Call Test Case 'Test Cases/Change Doctors' successfully

2019-03-11 09:00:11 - [TEST_STEP][PASSED] - delay(2): Delayed 2 second(s)

2019-03-11 09:00:13 - [MESSAGE][PASSED] - Delayed 2 second(s)

2019-03-11 09:00:13 - [TEST_STEP][PASSED] - callTestCase(findTestCase("Add Appointment Button"), [:], STOP_ON_FAILURE): Call Test Case 'Test Cases/Add Appointment Button' successfully

2019-03-11 09:00:13 - [TEST_CASE][PASSED] - Test Cases/Add Appointment Button: Test Cases/Add Appointment Button

2019-03-11 09:00:13 - [TEST_STEP][PASSED] - verifyElementPresent(findTestObject("Main/Page_PMRS Web Application/Landing Page/Add Button"), 0): Object 'Object Repository/Main/Page_PMRS Web Application/Landing Page/Add Button' is present

2019-03-11 09:00:13 - [MESSAGE][WARNING] - Timeout '0' is invalid. Using default page load timeout: '30'

2019-03-11 09:00:13 - [MESSAGE][PASSED] - Object 'Object Repository/Main/Page_PMRS Web Application/Landing Page/Add Button' is present

2019-03-11 09:00:13 - [TEST_STEP][PASSED] - verifyElementVisible(findTestObject("Main/Page_PMRS Web Application/Landing Page/Add Button")): Object 'Object Repository/Main/Page_PMRS Web Application/Landing Page/Add Button' is visible

2019-03-11 09:00:13 - [MESSAGE][PASSED] - Object 'Object Repository/Main/Page_PMRS Web Application/Landing Page/Add Button' is visible

2019-03-11 09:00:13 - [TEST_STEP][PASSED] - click(findTestObject("Main/Page_PMRS Web Application/Landing Page/Add Button")): Object: 'Object Repository/Main/Page_PMRS Web Application/Landing Page/Add Button' is clicked on

2019-03-11 09:00:13 - [MESSAGE][PASSED] - Object: 'Object Repository/Main/Page_PMRS Web Application/Landing Page/Add Button' is clicked on

2019-03-11 09:00:13 - [MESSAGE][PASSED] - Call Test Case 'Test Cases/Add Appointment Button' successfully

2019-03-11 09:00:13 - [TEST_STEP][PASSED] - setText(findTestObject("Main/Page_PMRS Web Application/Dialog Elements/input_PATIENT_mat-input-2"), "12341][234P];\"): Text '12341][234P];\' is set on object 'Object Repository/Main/Page_PMRS Web Application/Dialog Elements/input_PATIENT_mat-input-2'

2019-03-11 09:00:14 - [MESSAGE][PASSED] - Text '12341][234P];\' is set on object 'Object Repository/Main/Page_PMRS Web Application/Dialog Elements/input_PATIENT_mat-input-2'

2019-03-11 09:00:14 - [TEST_STEP][PASSED] - setText(findTestObject("Main/Page_PMRS Web Application/Dialog Elements/input_NICKNAME_mat-input-3"), "2134][;34][1;"): Text '2134][;34][1;' is set on object 'Object Repository/Main/Page_PMRS Web Application/Dialog Elements/input_NICKNAME_mat-input-3'

2019-03-11 09:00:15 - [MESSAGE][PASSED] - Text '2134][;34][1;' is set on object 'Object Repository/Main/Page_PMRS Web Application/Dialog Elements/input_NICKNAME_mat-input-3'

2019-03-11 09:00:15 - [TEST_STEP][PASSED] - click(findTestObject("Main/Page_PMRS Web Application/Dialog Elements/button_CONFIRM")): Object: 'Object Repository/Main/Page_PMRS Web Application/Dialog Elements/button_CONFIRM' is clicked on

2019-03-11 09:00:15 - [MESSAGE][PASSED] - Object: 'Object Repository/Main/Page_PMRS Web Application/Dialog Elements/button_CONFIRM' is clicked on

2019-03-11 09:00:15 - [TEST_STEP][PASSED] - delay(1): Delayed 1 second(s)

2019-03-11 09:00:16 - [MESSAGE][PASSED] - Delayed 1 second(s)

2019-03-11 09:00:16 - [TEST_STEP][PASSED] - click(findTestObject("Main/Page_PMRS Web Application/Dialog Elements/button_CONFIRM")): Object: 'Object Repository/Main/Page_PMRS Web Application/Dialog Elements/button_CONFIRM' is clicked on

2019-03-11 09:00:16 - [MESSAGE][PASSED] - Object: 'Object Repository/Main/Page_PMRS Web Application/Dialog Elements/button_CONFIRM' is clicked on

2019-03-11 09:00:16 - [TEST_STEP][PASSED] - delay(2): Delayed 2 second(s)

2019-03-11 09:00:18 - [MESSAGE][PASSED] - Delayed 2 second(s)

2019-03-11 09:00:18 - [TEST_STEP][PASSED] - setText(findTestObject("Main/Page_PMRS Web Application/Dialog Elements/input_PATIENT_mat-input-2"), "TEST@gmail.com"): Text 'TEST@gmail.com' is set on object 'Object Repository/Main/Page_PMRS Web Application/Dialog Elements/input_PATIENT_mat-input-2'

2019-03-11 09:00:18 - [MESSAGE][PASSED] - Text 'TEST@gmail.com' is set on object 'Object Repository/Main/Page_PMRS Web Application/Dialog Elements/input_PATIENT_mat-input-2'

2019-03-11 09:00:18 - [TEST_STEP][PASSED] - setText(findTestObject("Main/Page_PMRS Web Application/Dialog Elements/input_NICKNAME_mat-input-3"), "testname"): Text 'testname' is set on object 'Object Repository/Main/Page_PMRS Web Application/Dialog Elements/input_NICKNAME_mat-input-3'

2019-03-11 09:00:19 - [MESSAGE][PASSED] - Text 'testname' is set on object 'Object Repository/Main/Page_PMRS Web Application/Dialog Elements/input_NICKNAME_mat-input-3'

2019-03-11 09:00:19 - [TEST_STEP][PASSED] - click(findTestObject("Main/Page_PMRS Web Application/Dialog Elements/button_CONFIRM")): Object: 'Object Repository/Main/Page_PMRS Web Application/Dialog Elements/button_CONFIRM' is clicked on

2019-03-11 09:00:19 - [MESSAGE][PASSED] - Object: 'Object Repository/Main/Page_PMRS Web Application/Dialog Elements/button_CONFIRM' is clicked on]]></system-out>
         <system-err><![CDATA[]]></system-err>
      </testcase>
      <testcase name="Test Cases/Queue Management/QM-014" classname="Test Cases/Queue Management/QM-014" status="PASSED">
         <system-out><![CDATA[2019-03-11 09:00:19 - [TEST_CASE][PASSED] - Test Cases/Queue Management/QM-014: Test Cases/Queue Management/QM-014

2019-03-11 09:00:19 - [TEST_STEP][PASSED] - openBrowser(""): Browser is opened with url: ''

2019-03-11 09:00:19 - [MESSAGE][WARNING] - A browser is already opened. Closing browser and opening a new one

2019-03-11 09:00:19 - [MESSAGE][INFO] - Starting 'Chrome' driver

2019-03-11 09:00:20 - [MESSAGE][PASSED] - Browser is opened with url: ''

2019-03-11 09:00:20 - [TEST_STEP][PASSED] - navigateToUrl("https://pmrsqa.eschost2.com/"): Navigate to 'https://pmrsqa.eschost2.com/' successfully

2019-03-11 09:00:23 - [MESSAGE][PASSED] - Navigate to 'https://pmrsqa.eschost2.com/' successfully

2019-03-11 09:00:23 - [TEST_STEP][PASSED] - callTestCase(findTestCase("Log In"), [:], STOP_ON_FAILURE): Call Test Case 'Test Cases/Log In' successfully

2019-03-11 09:00:23 - [TEST_CASE][PASSED] - Test Cases/Log In: Test Cases/Log In

2019-03-11 09:00:23 - [TEST_STEP][PASSED] - delay(2): Delayed 2 second(s)

2019-03-11 09:00:25 - [MESSAGE][PASSED] - Delayed 2 second(s)

2019-03-11 09:00:25 - [TEST_STEP][PASSED] - setText(findTestObject("Object Repository/Log In/Page_PMRS Web Application/input_Username_mat-input-0"), "hughes.m@electronicscience.com"): Text 'hughes.m@electronicscience.com' is set on object 'Object Repository/Log In/Page_PMRS Web Application/input_Username_mat-input-0'

2019-03-11 09:00:25 - [MESSAGE][PASSED] - Text 'hughes.m@electronicscience.com' is set on object 'Object Repository/Log In/Page_PMRS Web Application/input_Username_mat-input-0'

2019-03-11 09:00:25 - [TEST_STEP][PASSED] - setEncryptedText(findTestObject("Object Repository/Log In/Page_PMRS Web Application/input_Username_mat-input-1"), "pvl9UeBNnak165xxUnzI6w=="): Text ****** has been set on object 'Object Repository/Log In/Page_PMRS Web Application/input_Username_mat-input-1'

2019-03-11 09:00:25 - [MESSAGE][PASSED] - Text ****** has been set on object 'Object Repository/Log In/Page_PMRS Web Application/input_Username_mat-input-1'

2019-03-11 09:00:25 - [TEST_STEP][PASSED] - click(findTestObject("Object Repository/Log In/Page_PMRS Web Application/button_Login")): Object: 'Object Repository/Log In/Page_PMRS Web Application/button_Login' is clicked on

2019-03-11 09:00:26 - [MESSAGE][PASSED] - Object: 'Object Repository/Log In/Page_PMRS Web Application/button_Login' is clicked on

2019-03-11 09:00:26 - [MESSAGE][PASSED] - Call Test Case 'Test Cases/Log In' successfully

2019-03-11 09:00:26 - [TEST_STEP][PASSED] - delay(2): Delayed 2 second(s)

2019-03-11 09:00:28 - [MESSAGE][PASSED] - Delayed 2 second(s)

2019-03-11 09:00:28 - [TEST_STEP][PASSED] - callTestCase(findTestCase("Change Doctors"), [:], STOP_ON_FAILURE): Call Test Case 'Test Cases/Change Doctors' successfully

2019-03-11 09:00:28 - [TEST_CASE][PASSED] - Test Cases/Change Doctors: Test Cases/Change Doctors

2019-03-11 09:00:28 - [TEST_STEP][PASSED] - click(findTestObject("Main/Page_PMRS Web Application/Landing Page/div_Dina  Tuto")): Object: 'Object Repository/Main/Page_PMRS Web Application/Landing Page/div_Dina  Tuto' is clicked on

2019-03-11 09:00:28 - [MESSAGE][PASSED] - Object: 'Object Repository/Main/Page_PMRS Web Application/Landing Page/div_Dina  Tuto' is clicked on

2019-03-11 09:00:28 - [TEST_STEP][PASSED] - delay(1): Delayed 1 second(s)

2019-03-11 09:00:29 - [MESSAGE][PASSED] - Delayed 1 second(s)

2019-03-11 09:00:29 - [TEST_STEP][PASSED] - click(findTestObject("Main/Page_PMRS Web Application/Landing Page/Doctor List Dropdown/mat-option_Gregor Di Matibag")): Object: 'Object Repository/Main/Page_PMRS Web Application/Landing Page/Doctor List Dropdown/mat-option_Gregor Di Matibag' is clicked on

2019-03-11 09:00:29 - [MESSAGE][PASSED] - Object: 'Object Repository/Main/Page_PMRS Web Application/Landing Page/Doctor List Dropdown/mat-option_Gregor Di Matibag' is clicked on

2019-03-11 09:00:29 - [MESSAGE][PASSED] - Call Test Case 'Test Cases/Change Doctors' successfully

2019-03-11 09:00:29 - [TEST_STEP][PASSED] - delay(2): Delayed 2 second(s)

2019-03-11 09:00:31 - [MESSAGE][PASSED] - Delayed 2 second(s)

2019-03-11 09:00:31 - [TEST_STEP][PASSED] - callTestCase(findTestCase("Add Appointment Button"), [:], STOP_ON_FAILURE): Call Test Case 'Test Cases/Add Appointment Button' successfully

2019-03-11 09:00:31 - [TEST_CASE][PASSED] - Test Cases/Add Appointment Button: Test Cases/Add Appointment Button

2019-03-11 09:00:31 - [TEST_STEP][PASSED] - verifyElementPresent(findTestObject("Main/Page_PMRS Web Application/Landing Page/Add Button"), 0): Object 'Object Repository/Main/Page_PMRS Web Application/Landing Page/Add Button' is present

2019-03-11 09:00:31 - [MESSAGE][WARNING] - Timeout '0' is invalid. Using default page load timeout: '30'

2019-03-11 09:00:31 - [MESSAGE][PASSED] - Object 'Object Repository/Main/Page_PMRS Web Application/Landing Page/Add Button' is present

2019-03-11 09:00:31 - [TEST_STEP][PASSED] - verifyElementVisible(findTestObject("Main/Page_PMRS Web Application/Landing Page/Add Button")): Object 'Object Repository/Main/Page_PMRS Web Application/Landing Page/Add Button' is visible

2019-03-11 09:00:31 - [MESSAGE][PASSED] - Object 'Object Repository/Main/Page_PMRS Web Application/Landing Page/Add Button' is visible

2019-03-11 09:00:31 - [TEST_STEP][PASSED] - click(findTestObject("Main/Page_PMRS Web Application/Landing Page/Add Button")): Object: 'Object Repository/Main/Page_PMRS Web Application/Landing Page/Add Button' is clicked on

2019-03-11 09:00:32 - [MESSAGE][PASSED] - Object: 'Object Repository/Main/Page_PMRS Web Application/Landing Page/Add Button' is clicked on

2019-03-11 09:00:32 - [MESSAGE][PASSED] - Call Test Case 'Test Cases/Add Appointment Button' successfully

2019-03-11 09:00:32 - [TEST_STEP][PASSED] - setText(findTestObject("Main/Page_PMRS Web Application/Dialog Elements/input_PATIENT_mat-input-2"), "123]412'3]421'34]"): Text '123]412'3]421'34]' is set on object 'Object Repository/Main/Page_PMRS Web Application/Dialog Elements/input_PATIENT_mat-input-2'

2019-03-11 09:00:33 - [MESSAGE][PASSED] - Text '123]412'3]421'34]' is set on object 'Object Repository/Main/Page_PMRS Web Application/Dialog Elements/input_PATIENT_mat-input-2'

2019-03-11 09:00:33 - [TEST_STEP][PASSED] - click(findTestObject("Main/Page_PMRS Web Application/Dialog Elements/button_CONFIRM")): Object: 'Object Repository/Main/Page_PMRS Web Application/Dialog Elements/button_CONFIRM' is clicked on

2019-03-11 09:00:33 - [MESSAGE][PASSED] - Object: 'Object Repository/Main/Page_PMRS Web Application/Dialog Elements/button_CONFIRM' is clicked on

2019-03-11 09:00:33 - [TEST_STEP][PASSED] - delay(2): Delayed 2 second(s)

2019-03-11 09:00:35 - [MESSAGE][PASSED] - Delayed 2 second(s)

2019-03-11 09:00:35 - [TEST_STEP][PASSED] - verifyElementVisible(findTestObject("Main/Page_PMRS Web Application/Dialog Elements/Error Messages/div_Invalid Input"), STOP_ON_FAILURE): Object 'Object Repository/Main/Page_PMRS Web Application/Dialog Elements/Error Messages/div_Invalid Input' is visible

2019-03-11 09:00:35 - [MESSAGE][PASSED] - Object 'Object Repository/Main/Page_PMRS Web Application/Dialog Elements/Error Messages/div_Invalid Input' is visible]]></system-out>
         <system-err><![CDATA[]]></system-err>
      </testcase>
      <testcase name="Test Cases/Queue Management/QM-015" classname="Test Cases/Queue Management/QM-015" status="PASSED">
         <system-out><![CDATA[2019-03-11 09:00:35 - [TEST_CASE][PASSED] - Test Cases/Queue Management/QM-015: Test Cases/Queue Management/QM-015

2019-03-11 09:00:35 - [TEST_STEP][PASSED] - openBrowser(""): Browser is opened with url: ''

2019-03-11 09:00:35 - [MESSAGE][WARNING] - A browser is already opened. Closing browser and opening a new one

2019-03-11 09:00:35 - [MESSAGE][INFO] - Starting 'Chrome' driver

2019-03-11 09:00:36 - [MESSAGE][PASSED] - Browser is opened with url: ''

2019-03-11 09:00:36 - [TEST_STEP][PASSED] - navigateToUrl("https://pmrsqa.eschost2.com/"): Navigate to 'https://pmrsqa.eschost2.com/' successfully

2019-03-11 09:00:40 - [MESSAGE][PASSED] - Navigate to 'https://pmrsqa.eschost2.com/' successfully

2019-03-11 09:00:40 - [TEST_STEP][PASSED] - callTestCase(findTestCase("Log In"), [:], STOP_ON_FAILURE): Call Test Case 'Test Cases/Log In' successfully

2019-03-11 09:00:40 - [TEST_CASE][PASSED] - Test Cases/Log In: Test Cases/Log In

2019-03-11 09:00:40 - [TEST_STEP][PASSED] - delay(2): Delayed 2 second(s)

2019-03-11 09:00:42 - [MESSAGE][PASSED] - Delayed 2 second(s)

2019-03-11 09:00:42 - [TEST_STEP][PASSED] - setText(findTestObject("Object Repository/Log In/Page_PMRS Web Application/input_Username_mat-input-0"), "hughes.m@electronicscience.com"): Text 'hughes.m@electronicscience.com' is set on object 'Object Repository/Log In/Page_PMRS Web Application/input_Username_mat-input-0'

2019-03-11 09:00:42 - [MESSAGE][PASSED] - Text 'hughes.m@electronicscience.com' is set on object 'Object Repository/Log In/Page_PMRS Web Application/input_Username_mat-input-0'

2019-03-11 09:00:42 - [TEST_STEP][PASSED] - setEncryptedText(findTestObject("Object Repository/Log In/Page_PMRS Web Application/input_Username_mat-input-1"), "pvl9UeBNnak165xxUnzI6w=="): Text ****** has been set on object 'Object Repository/Log In/Page_PMRS Web Application/input_Username_mat-input-1'

2019-03-11 09:00:43 - [MESSAGE][PASSED] - Text ****** has been set on object 'Object Repository/Log In/Page_PMRS Web Application/input_Username_mat-input-1'

2019-03-11 09:00:43 - [TEST_STEP][PASSED] - click(findTestObject("Object Repository/Log In/Page_PMRS Web Application/button_Login")): Object: 'Object Repository/Log In/Page_PMRS Web Application/button_Login' is clicked on

2019-03-11 09:00:43 - [MESSAGE][PASSED] - Object: 'Object Repository/Log In/Page_PMRS Web Application/button_Login' is clicked on

2019-03-11 09:00:43 - [MESSAGE][PASSED] - Call Test Case 'Test Cases/Log In' successfully

2019-03-11 09:00:43 - [TEST_STEP][PASSED] - delay(0): Delayed 0 second(s)

2019-03-11 09:00:43 - [MESSAGE][PASSED] - Delayed 0 second(s)

2019-03-11 09:00:43 - [TEST_STEP][PASSED] - callTestCase(findTestCase("Change Doctors"), [:], STOP_ON_FAILURE): Call Test Case 'Test Cases/Change Doctors' successfully

2019-03-11 09:00:43 - [TEST_CASE][PASSED] - Test Cases/Change Doctors: Test Cases/Change Doctors

2019-03-11 09:00:43 - [TEST_STEP][PASSED] - click(findTestObject("Main/Page_PMRS Web Application/Landing Page/div_Dina  Tuto")): Object: 'Object Repository/Main/Page_PMRS Web Application/Landing Page/div_Dina  Tuto' is clicked on

2019-03-11 09:00:45 - [MESSAGE][PASSED] - Object: 'Object Repository/Main/Page_PMRS Web Application/Landing Page/div_Dina  Tuto' is clicked on

2019-03-11 09:00:45 - [TEST_STEP][PASSED] - delay(1): Delayed 1 second(s)

2019-03-11 09:00:46 - [MESSAGE][PASSED] - Delayed 1 second(s)

2019-03-11 09:00:46 - [TEST_STEP][PASSED] - click(findTestObject("Main/Page_PMRS Web Application/Landing Page/Doctor List Dropdown/mat-option_Gregor Di Matibag")): Object: 'Object Repository/Main/Page_PMRS Web Application/Landing Page/Doctor List Dropdown/mat-option_Gregor Di Matibag' is clicked on

2019-03-11 09:00:47 - [MESSAGE][PASSED] - Object: 'Object Repository/Main/Page_PMRS Web Application/Landing Page/Doctor List Dropdown/mat-option_Gregor Di Matibag' is clicked on

2019-03-11 09:00:47 - [MESSAGE][PASSED] - Call Test Case 'Test Cases/Change Doctors' successfully

2019-03-11 09:00:47 - [TEST_STEP][PASSED] - delay(0): Delayed 0 second(s)

2019-03-11 09:00:47 - [MESSAGE][PASSED] - Delayed 0 second(s)

2019-03-11 09:00:47 - [TEST_STEP][PASSED] - callTestCase(findTestCase("Add Appointment Button"), [:], STOP_ON_FAILURE): Call Test Case 'Test Cases/Add Appointment Button' successfully

2019-03-11 09:00:47 - [TEST_CASE][PASSED] - Test Cases/Add Appointment Button: Test Cases/Add Appointment Button

2019-03-11 09:00:47 - [TEST_STEP][PASSED] - verifyElementPresent(findTestObject("Main/Page_PMRS Web Application/Landing Page/Add Button"), 0): Object 'Object Repository/Main/Page_PMRS Web Application/Landing Page/Add Button' is present

2019-03-11 09:00:47 - [MESSAGE][WARNING] - Timeout '0' is invalid. Using default page load timeout: '30'

2019-03-11 09:00:47 - [MESSAGE][PASSED] - Object 'Object Repository/Main/Page_PMRS Web Application/Landing Page/Add Button' is present

2019-03-11 09:00:47 - [TEST_STEP][PASSED] - verifyElementVisible(findTestObject("Main/Page_PMRS Web Application/Landing Page/Add Button")): Object 'Object Repository/Main/Page_PMRS Web Application/Landing Page/Add Button' is visible

2019-03-11 09:00:47 - [MESSAGE][PASSED] - Object 'Object Repository/Main/Page_PMRS Web Application/Landing Page/Add Button' is visible

2019-03-11 09:00:47 - [TEST_STEP][PASSED] - click(findTestObject("Main/Page_PMRS Web Application/Landing Page/Add Button")): Object: 'Object Repository/Main/Page_PMRS Web Application/Landing Page/Add Button' is clicked on

2019-03-11 09:00:47 - [MESSAGE][PASSED] - Object: 'Object Repository/Main/Page_PMRS Web Application/Landing Page/Add Button' is clicked on

2019-03-11 09:00:47 - [MESSAGE][PASSED] - Call Test Case 'Test Cases/Add Appointment Button' successfully

2019-03-11 09:00:47 - [TEST_STEP][PASSED] - setText(findTestObject("Main/Page_PMRS Web Application/Dialog Elements/input_PATIENT_mat-input-2"), "test@gmail.com"): Text 'test@gmail.com' is set on object 'Object Repository/Main/Page_PMRS Web Application/Dialog Elements/input_PATIENT_mat-input-2'

2019-03-11 09:00:48 - [MESSAGE][PASSED] - Text 'test@gmail.com' is set on object 'Object Repository/Main/Page_PMRS Web Application/Dialog Elements/input_PATIENT_mat-input-2'

2019-03-11 09:00:48 - [TEST_STEP][PASSED] - click(findTestObject("Main/Page_PMRS Web Application/Dialog Elements/Labels, Titles/h1_Add Appointment")): Object: 'Object Repository/Main/Page_PMRS Web Application/Dialog Elements/Labels, Titles/h1_Add Appointment' is clicked on

2019-03-11 09:00:48 - [MESSAGE][PASSED] - Object: 'Object Repository/Main/Page_PMRS Web Application/Dialog Elements/Labels, Titles/h1_Add Appointment' is clicked on

2019-03-11 09:00:48 - [TEST_STEP][PASSED] - setText(findTestObject("Main/Page_PMRS Web Application/Dialog Elements/input_NICKNAME_mat-input-3"), "testname"): Text 'testname' is set on object 'Object Repository/Main/Page_PMRS Web Application/Dialog Elements/input_NICKNAME_mat-input-3'

2019-03-11 09:00:49 - [MESSAGE][PASSED] - Text 'testname' is set on object 'Object Repository/Main/Page_PMRS Web Application/Dialog Elements/input_NICKNAME_mat-input-3'

2019-03-11 09:00:49 - [TEST_STEP][PASSED] - click(findTestObject("Main/Page_PMRS Web Application/Dialog Elements/div_SELECT DATE  TIME_mat-select-arrow-wrapper")): Object: 'Object Repository/Main/Page_PMRS Web Application/Dialog Elements/div_SELECT DATE  TIME_mat-select-arrow-wrapper' is clicked on

2019-03-11 09:00:49 - [MESSAGE][PASSED] - Object: 'Object Repository/Main/Page_PMRS Web Application/Dialog Elements/div_SELECT DATE  TIME_mat-select-arrow-wrapper' is clicked on

2019-03-11 09:00:49 - [TEST_STEP][PASSED] - click(findTestObject("Main/Page_PMRS Web Application/Dialog Elements/div_    08")): Object: 'Object Repository/Main/Page_PMRS Web Application/Dialog Elements/div_    08' is clicked on

2019-03-11 09:00:49 - [MESSAGE][PASSED] - Object: 'Object Repository/Main/Page_PMRS Web Application/Dialog Elements/div_    08' is clicked on

2019-03-11 09:00:49 - [TEST_STEP][PASSED] - click(findTestObject("Main/Page_PMRS Web Application/Dialog Elements/button_CONFIRM")): Object: 'Object Repository/Main/Page_PMRS Web Application/Dialog Elements/button_CONFIRM' is clicked on

2019-03-11 09:00:49 - [MESSAGE][PASSED] - Object: 'Object Repository/Main/Page_PMRS Web Application/Dialog Elements/button_CONFIRM' is clicked on]]></system-out>
         <system-err><![CDATA[]]></system-err>
      </testcase>
      <testcase name="Test Cases/Queue Management/QM-016" classname="Test Cases/Queue Management/QM-016" status="PASSED">
         <system-out><![CDATA[2019-03-11 09:00:49 - [TEST_CASE][PASSED] - Test Cases/Queue Management/QM-016: Test Cases/Queue Management/QM-016

2019-03-11 09:00:49 - [TEST_STEP][PASSED] - openBrowser(""): Browser is opened with url: ''

2019-03-11 09:00:49 - [MESSAGE][WARNING] - A browser is already opened. Closing browser and opening a new one

2019-03-11 09:00:49 - [MESSAGE][INFO] - Starting 'Chrome' driver

2019-03-11 09:00:51 - [MESSAGE][PASSED] - Browser is opened with url: ''

2019-03-11 09:00:51 - [TEST_STEP][PASSED] - navigateToUrl("https://pmrsqa.eschost2.com/"): Navigate to 'https://pmrsqa.eschost2.com/' successfully

2019-03-11 09:01:19 - [MESSAGE][PASSED] - Navigate to 'https://pmrsqa.eschost2.com/' successfully

2019-03-11 09:01:19 - [TEST_STEP][PASSED] - callTestCase(findTestCase("Log In"), [:], STOP_ON_FAILURE): Call Test Case 'Test Cases/Log In' successfully

2019-03-11 09:01:19 - [TEST_CASE][PASSED] - Test Cases/Log In: Test Cases/Log In

2019-03-11 09:01:19 - [TEST_STEP][PASSED] - delay(2): Delayed 2 second(s)

2019-03-11 09:01:21 - [MESSAGE][PASSED] - Delayed 2 second(s)

2019-03-11 09:01:21 - [TEST_STEP][PASSED] - setText(findTestObject("Object Repository/Log In/Page_PMRS Web Application/input_Username_mat-input-0"), "hughes.m@electronicscience.com"): Text 'hughes.m@electronicscience.com' is set on object 'Object Repository/Log In/Page_PMRS Web Application/input_Username_mat-input-0'

2019-03-11 09:01:22 - [MESSAGE][PASSED] - Text 'hughes.m@electronicscience.com' is set on object 'Object Repository/Log In/Page_PMRS Web Application/input_Username_mat-input-0'

2019-03-11 09:01:22 - [TEST_STEP][PASSED] - setEncryptedText(findTestObject("Object Repository/Log In/Page_PMRS Web Application/input_Username_mat-input-1"), "pvl9UeBNnak165xxUnzI6w=="): Text ****** has been set on object 'Object Repository/Log In/Page_PMRS Web Application/input_Username_mat-input-1'

2019-03-11 09:01:22 - [MESSAGE][PASSED] - Text ****** has been set on object 'Object Repository/Log In/Page_PMRS Web Application/input_Username_mat-input-1'

2019-03-11 09:01:22 - [TEST_STEP][PASSED] - click(findTestObject("Object Repository/Log In/Page_PMRS Web Application/button_Login")): Object: 'Object Repository/Log In/Page_PMRS Web Application/button_Login' is clicked on

2019-03-11 09:01:22 - [MESSAGE][PASSED] - Object: 'Object Repository/Log In/Page_PMRS Web Application/button_Login' is clicked on

2019-03-11 09:01:22 - [MESSAGE][PASSED] - Call Test Case 'Test Cases/Log In' successfully

2019-03-11 09:01:22 - [TEST_STEP][PASSED] - delay(2): Delayed 2 second(s)

2019-03-11 09:01:24 - [MESSAGE][PASSED] - Delayed 2 second(s)

2019-03-11 09:01:24 - [TEST_STEP][PASSED] - callTestCase(findTestCase("Change Doctors"), [:], STOP_ON_FAILURE): Call Test Case 'Test Cases/Change Doctors' successfully

2019-03-11 09:01:24 - [TEST_CASE][PASSED] - Test Cases/Change Doctors: Test Cases/Change Doctors

2019-03-11 09:01:24 - [TEST_STEP][PASSED] - click(findTestObject("Main/Page_PMRS Web Application/Landing Page/div_Dina  Tuto")): Object: 'Object Repository/Main/Page_PMRS Web Application/Landing Page/div_Dina  Tuto' is clicked on

2019-03-11 09:01:25 - [MESSAGE][PASSED] - Object: 'Object Repository/Main/Page_PMRS Web Application/Landing Page/div_Dina  Tuto' is clicked on

2019-03-11 09:01:25 - [TEST_STEP][PASSED] - delay(1): Delayed 1 second(s)

2019-03-11 09:01:26 - [MESSAGE][PASSED] - Delayed 1 second(s)

2019-03-11 09:01:26 - [TEST_STEP][PASSED] - click(findTestObject("Main/Page_PMRS Web Application/Landing Page/Doctor List Dropdown/mat-option_Gregor Di Matibag")): Object: 'Object Repository/Main/Page_PMRS Web Application/Landing Page/Doctor List Dropdown/mat-option_Gregor Di Matibag' is clicked on

2019-03-11 09:01:26 - [MESSAGE][PASSED] - Object: 'Object Repository/Main/Page_PMRS Web Application/Landing Page/Doctor List Dropdown/mat-option_Gregor Di Matibag' is clicked on

2019-03-11 09:01:26 - [MESSAGE][PASSED] - Call Test Case 'Test Cases/Change Doctors' successfully

2019-03-11 09:01:26 - [TEST_STEP][PASSED] - delay(2): Delayed 2 second(s)

2019-03-11 09:01:28 - [MESSAGE][PASSED] - Delayed 2 second(s)

2019-03-11 09:01:28 - [TEST_STEP][PASSED] - callTestCase(findTestCase("Add Appointment Button"), [:], STOP_ON_FAILURE): Call Test Case 'Test Cases/Add Appointment Button' successfully

2019-03-11 09:01:28 - [TEST_CASE][PASSED] - Test Cases/Add Appointment Button: Test Cases/Add Appointment Button

2019-03-11 09:01:28 - [TEST_STEP][PASSED] - verifyElementPresent(findTestObject("Main/Page_PMRS Web Application/Landing Page/Add Button"), 0): Object 'Object Repository/Main/Page_PMRS Web Application/Landing Page/Add Button' is present

2019-03-11 09:01:28 - [MESSAGE][WARNING] - Timeout '0' is invalid. Using default page load timeout: '30'

2019-03-11 09:01:28 - [MESSAGE][PASSED] - Object 'Object Repository/Main/Page_PMRS Web Application/Landing Page/Add Button' is present

2019-03-11 09:01:28 - [TEST_STEP][PASSED] - verifyElementVisible(findTestObject("Main/Page_PMRS Web Application/Landing Page/Add Button")): Object 'Object Repository/Main/Page_PMRS Web Application/Landing Page/Add Button' is visible

2019-03-11 09:01:28 - [MESSAGE][PASSED] - Object 'Object Repository/Main/Page_PMRS Web Application/Landing Page/Add Button' is visible

2019-03-11 09:01:28 - [TEST_STEP][PASSED] - click(findTestObject("Main/Page_PMRS Web Application/Landing Page/Add Button")): Object: 'Object Repository/Main/Page_PMRS Web Application/Landing Page/Add Button' is clicked on

2019-03-11 09:01:28 - [MESSAGE][PASSED] - Object: 'Object Repository/Main/Page_PMRS Web Application/Landing Page/Add Button' is clicked on

2019-03-11 09:01:28 - [MESSAGE][PASSED] - Call Test Case 'Test Cases/Add Appointment Button' successfully

2019-03-11 09:01:28 - [TEST_STEP][PASSED] - verifyElementHasAttribute(findTestObject("Main/Page_PMRS Web Application/Dialog Elements/input_NICKNAME_mat-input-3"), "placeholder", 0): Object 'Object Repository/Main/Page_PMRS Web Application/Dialog Elements/input_NICKNAME_mat-input-3' has attribute 'placeholder'

2019-03-11 09:01:28 - [MESSAGE][WARNING] - Timeout '0' is invalid. Using default page load timeout: '30'

2019-03-11 09:01:28 - [MESSAGE][PASSED] - Object 'Object Repository/Main/Page_PMRS Web Application/Dialog Elements/input_NICKNAME_mat-input-3' has attribute 'placeholder'

2019-03-11 09:01:28 - [TEST_STEP][PASSED] - verifyElementAttributeValue(findTestObject("Main/Page_PMRS Web Application/Dialog Elements/input_NICKNAME_mat-input-3"), "placeholder", "Enter nickname", 0): Object 'Object Repository/Main/Page_PMRS Web Application/Dialog Elements/input_NICKNAME_mat-input-3' has attribute 'placeholder' with value 'Enter nickname'

2019-03-11 09:01:28 - [MESSAGE][WARNING] - Timeout '0' is invalid. Using default page load timeout: '30'

2019-03-11 09:01:28 - [MESSAGE][PASSED] - Object 'Object Repository/Main/Page_PMRS Web Application/Dialog Elements/input_NICKNAME_mat-input-3' has attribute 'placeholder' with value 'Enter nickname']]></system-out>
         <system-err><![CDATA[]]></system-err>
      </testcase>
      <testcase name="Test Cases/Queue Management/QM-017" classname="Test Cases/Queue Management/QM-017" status="PASSED">
         <system-out><![CDATA[2019-03-11 09:01:28 - [TEST_CASE][PASSED] - Test Cases/Queue Management/QM-017: Test Cases/Queue Management/QM-017

2019-03-11 09:01:29 - [TEST_STEP][PASSED] - openBrowser(""): Browser is opened with url: ''

2019-03-11 09:01:29 - [MESSAGE][WARNING] - A browser is already opened. Closing browser and opening a new one

2019-03-11 09:01:29 - [MESSAGE][INFO] - Starting 'Chrome' driver

2019-03-11 09:01:30 - [MESSAGE][PASSED] - Browser is opened with url: ''

2019-03-11 09:01:30 - [TEST_STEP][PASSED] - navigateToUrl("pmrsqa.eschost2.com"): Navigate to 'http://pmrsqa.eschost2.com' successfully

2019-03-11 09:01:33 - [MESSAGE][PASSED] - Navigate to 'http://pmrsqa.eschost2.com' successfully

2019-03-11 09:01:33 - [TEST_STEP][PASSED] - callTestCase(findTestCase("Log In"), [:], STOP_ON_FAILURE): Call Test Case 'Test Cases/Log In' successfully

2019-03-11 09:01:33 - [TEST_CASE][PASSED] - Test Cases/Log In: Test Cases/Log In

2019-03-11 09:01:33 - [TEST_STEP][PASSED] - delay(2): Delayed 2 second(s)

2019-03-11 09:01:35 - [MESSAGE][PASSED] - Delayed 2 second(s)

2019-03-11 09:01:35 - [TEST_STEP][PASSED] - setText(findTestObject("Object Repository/Log In/Page_PMRS Web Application/input_Username_mat-input-0"), "hughes.m@electronicscience.com"): Text 'hughes.m@electronicscience.com' is set on object 'Object Repository/Log In/Page_PMRS Web Application/input_Username_mat-input-0'

2019-03-11 09:01:35 - [MESSAGE][PASSED] - Text 'hughes.m@electronicscience.com' is set on object 'Object Repository/Log In/Page_PMRS Web Application/input_Username_mat-input-0'

2019-03-11 09:01:35 - [TEST_STEP][PASSED] - setEncryptedText(findTestObject("Object Repository/Log In/Page_PMRS Web Application/input_Username_mat-input-1"), "pvl9UeBNnak165xxUnzI6w=="): Text ****** has been set on object 'Object Repository/Log In/Page_PMRS Web Application/input_Username_mat-input-1'

2019-03-11 09:01:36 - [MESSAGE][PASSED] - Text ****** has been set on object 'Object Repository/Log In/Page_PMRS Web Application/input_Username_mat-input-1'

2019-03-11 09:01:36 - [TEST_STEP][PASSED] - click(findTestObject("Object Repository/Log In/Page_PMRS Web Application/button_Login")): Object: 'Object Repository/Log In/Page_PMRS Web Application/button_Login' is clicked on

2019-03-11 09:01:36 - [MESSAGE][PASSED] - Object: 'Object Repository/Log In/Page_PMRS Web Application/button_Login' is clicked on

2019-03-11 09:01:36 - [MESSAGE][PASSED] - Call Test Case 'Test Cases/Log In' successfully

2019-03-11 09:01:36 - [TEST_STEP][PASSED] - delay(2): Delayed 2 second(s)

2019-03-11 09:01:38 - [MESSAGE][PASSED] - Delayed 2 second(s)

2019-03-11 09:01:38 - [TEST_STEP][PASSED] - callTestCase(findTestCase("Change Doctors"), [:], STOP_ON_FAILURE): Call Test Case 'Test Cases/Change Doctors' successfully

2019-03-11 09:01:38 - [TEST_CASE][PASSED] - Test Cases/Change Doctors: Test Cases/Change Doctors

2019-03-11 09:01:38 - [TEST_STEP][PASSED] - click(findTestObject("Main/Page_PMRS Web Application/Landing Page/div_Dina  Tuto")): Object: 'Object Repository/Main/Page_PMRS Web Application/Landing Page/div_Dina  Tuto' is clicked on

2019-03-11 09:01:39 - [MESSAGE][PASSED] - Object: 'Object Repository/Main/Page_PMRS Web Application/Landing Page/div_Dina  Tuto' is clicked on

2019-03-11 09:01:39 - [TEST_STEP][PASSED] - delay(1): Delayed 1 second(s)

2019-03-11 09:01:40 - [MESSAGE][PASSED] - Delayed 1 second(s)

2019-03-11 09:01:40 - [TEST_STEP][PASSED] - click(findTestObject("Main/Page_PMRS Web Application/Landing Page/Doctor List Dropdown/mat-option_Gregor Di Matibag")): Object: 'Object Repository/Main/Page_PMRS Web Application/Landing Page/Doctor List Dropdown/mat-option_Gregor Di Matibag' is clicked on

2019-03-11 09:01:40 - [MESSAGE][PASSED] - Object: 'Object Repository/Main/Page_PMRS Web Application/Landing Page/Doctor List Dropdown/mat-option_Gregor Di Matibag' is clicked on

2019-03-11 09:01:40 - [MESSAGE][PASSED] - Call Test Case 'Test Cases/Change Doctors' successfully

2019-03-11 09:01:40 - [TEST_STEP][PASSED] - delay(2): Delayed 2 second(s)

2019-03-11 09:01:42 - [MESSAGE][PASSED] - Delayed 2 second(s)

2019-03-11 09:01:42 - [TEST_STEP][PASSED] - callTestCase(findTestCase("Add Appointment Button"), [:], STOP_ON_FAILURE): Call Test Case 'Test Cases/Add Appointment Button' successfully

2019-03-11 09:01:42 - [TEST_CASE][PASSED] - Test Cases/Add Appointment Button: Test Cases/Add Appointment Button

2019-03-11 09:01:42 - [TEST_STEP][PASSED] - verifyElementPresent(findTestObject("Main/Page_PMRS Web Application/Landing Page/Add Button"), 0): Object 'Object Repository/Main/Page_PMRS Web Application/Landing Page/Add Button' is present

2019-03-11 09:01:42 - [MESSAGE][WARNING] - Timeout '0' is invalid. Using default page load timeout: '30'

2019-03-11 09:01:42 - [MESSAGE][PASSED] - Object 'Object Repository/Main/Page_PMRS Web Application/Landing Page/Add Button' is present

2019-03-11 09:01:42 - [TEST_STEP][PASSED] - verifyElementVisible(findTestObject("Main/Page_PMRS Web Application/Landing Page/Add Button")): Object 'Object Repository/Main/Page_PMRS Web Application/Landing Page/Add Button' is visible

2019-03-11 09:01:42 - [MESSAGE][PASSED] - Object 'Object Repository/Main/Page_PMRS Web Application/Landing Page/Add Button' is visible

2019-03-11 09:01:42 - [TEST_STEP][PASSED] - click(findTestObject("Main/Page_PMRS Web Application/Landing Page/Add Button")): Object: 'Object Repository/Main/Page_PMRS Web Application/Landing Page/Add Button' is clicked on

2019-03-11 09:01:42 - [MESSAGE][PASSED] - Object: 'Object Repository/Main/Page_PMRS Web Application/Landing Page/Add Button' is clicked on

2019-03-11 09:01:42 - [MESSAGE][PASSED] - Call Test Case 'Test Cases/Add Appointment Button' successfully

2019-03-11 09:01:42 - [TEST_STEP][PASSED] - setText(findTestObject("Main/Page_PMRS Web Application/Dialog Elements/input_PATIENT_mat-input-2"), "test@gmail.com"): Text 'test@gmail.com' is set on object 'Object Repository/Main/Page_PMRS Web Application/Dialog Elements/input_PATIENT_mat-input-2'

2019-03-11 09:01:43 - [MESSAGE][PASSED] - Text 'test@gmail.com' is set on object 'Object Repository/Main/Page_PMRS Web Application/Dialog Elements/input_PATIENT_mat-input-2'

2019-03-11 09:01:43 - [TEST_STEP][PASSED] - click(findTestObject("Main/Page_PMRS Web Application/Dialog Elements/Labels, Titles/h1_Add Appointment")): Object: 'Object Repository/Main/Page_PMRS Web Application/Dialog Elements/Labels, Titles/h1_Add Appointment' is clicked on

2019-03-11 09:01:43 - [MESSAGE][PASSED] - Object: 'Object Repository/Main/Page_PMRS Web Application/Dialog Elements/Labels, Titles/h1_Add Appointment' is clicked on

2019-03-11 09:01:43 - [TEST_STEP][PASSED] - setText(findTestObject("Main/Page_PMRS Web Application/Dialog Elements/input_NICKNAME_mat-input-3"), "12][3;12]312]3["): Text '12][3;12]312]3[' is set on object 'Object Repository/Main/Page_PMRS Web Application/Dialog Elements/input_NICKNAME_mat-input-3'

2019-03-11 09:01:43 - [MESSAGE][PASSED] - Text '12][3;12]312]3[' is set on object 'Object Repository/Main/Page_PMRS Web Application/Dialog Elements/input_NICKNAME_mat-input-3'

2019-03-11 09:01:43 - [TEST_STEP][PASSED] - click(findTestObject("Main/Page_PMRS Web Application/Dialog Elements/button_CONFIRM")): Object: 'Object Repository/Main/Page_PMRS Web Application/Dialog Elements/button_CONFIRM' is clicked on

2019-03-11 09:01:44 - [MESSAGE][PASSED] - Object: 'Object Repository/Main/Page_PMRS Web Application/Dialog Elements/button_CONFIRM' is clicked on

2019-03-11 09:01:44 - [TEST_STEP][PASSED] - delay(1): Delayed 1 second(s)

2019-03-11 09:01:45 - [MESSAGE][PASSED] - Delayed 1 second(s)

2019-03-11 09:01:45 - [TEST_STEP][PASSED] - click(findTestObject("Main/Page_PMRS Web Application/Dialog Elements/button_CONFIRM")): Object: 'Object Repository/Main/Page_PMRS Web Application/Dialog Elements/button_CONFIRM' is clicked on

2019-03-11 09:01:45 - [MESSAGE][PASSED] - Object: 'Object Repository/Main/Page_PMRS Web Application/Dialog Elements/button_CONFIRM' is clicked on

2019-03-11 09:01:45 - [TEST_STEP][PASSED] - delay(1): Delayed 1 second(s)

2019-03-11 09:01:46 - [MESSAGE][PASSED] - Delayed 1 second(s)

2019-03-11 09:01:46 - [TEST_STEP][PASSED] - setText(findTestObject("Main/Page_PMRS Web Application/Dialog Elements/input_NICKNAME_mat-input-3"), "testname"): Text 'testname' is set on object 'Object Repository/Main/Page_PMRS Web Application/Dialog Elements/input_NICKNAME_mat-input-3'

2019-03-11 09:01:46 - [MESSAGE][PASSED] - Text 'testname' is set on object 'Object Repository/Main/Page_PMRS Web Application/Dialog Elements/input_NICKNAME_mat-input-3'

2019-03-11 09:01:46 - [TEST_STEP][PASSED] - click(findTestObject("Main/Page_PMRS Web Application/Dialog Elements/button_CONFIRM")): Object: 'Object Repository/Main/Page_PMRS Web Application/Dialog Elements/button_CONFIRM' is clicked on

2019-03-11 09:01:46 - [MESSAGE][PASSED] - Object: 'Object Repository/Main/Page_PMRS Web Application/Dialog Elements/button_CONFIRM' is clicked on]]></system-out>
         <system-err><![CDATA[]]></system-err>
      </testcase>
      <testcase name="Test Cases/Queue Management/QM-018" classname="Test Cases/Queue Management/QM-018" status="PASSED">
         <system-out><![CDATA[2019-03-11 09:01:46 - [TEST_CASE][PASSED] - Test Cases/Queue Management/QM-018: Test Cases/Queue Management/QM-018

2019-03-11 09:01:46 - [TEST_STEP][PASSED] - openBrowser(""): Browser is opened with url: ''

2019-03-11 09:01:46 - [MESSAGE][WARNING] - A browser is already opened. Closing browser and opening a new one

2019-03-11 09:01:46 - [MESSAGE][INFO] - Starting 'Chrome' driver

2019-03-11 09:01:48 - [MESSAGE][PASSED] - Browser is opened with url: ''

2019-03-11 09:01:48 - [TEST_STEP][PASSED] - navigateToUrl("https://pmrsqa.eschost2.com/"): Navigate to 'https://pmrsqa.eschost2.com/' successfully

2019-03-11 09:01:50 - [MESSAGE][PASSED] - Navigate to 'https://pmrsqa.eschost2.com/' successfully

2019-03-11 09:01:50 - [TEST_STEP][PASSED] - callTestCase(findTestCase("Log In"), [:], STOP_ON_FAILURE): Call Test Case 'Test Cases/Log In' successfully

2019-03-11 09:01:50 - [TEST_CASE][PASSED] - Test Cases/Log In: Test Cases/Log In

2019-03-11 09:01:50 - [TEST_STEP][PASSED] - delay(2): Delayed 2 second(s)

2019-03-11 09:01:52 - [MESSAGE][PASSED] - Delayed 2 second(s)

2019-03-11 09:01:52 - [TEST_STEP][PASSED] - setText(findTestObject("Object Repository/Log In/Page_PMRS Web Application/input_Username_mat-input-0"), "hughes.m@electronicscience.com"): Text 'hughes.m@electronicscience.com' is set on object 'Object Repository/Log In/Page_PMRS Web Application/input_Username_mat-input-0'

2019-03-11 09:01:52 - [MESSAGE][PASSED] - Text 'hughes.m@electronicscience.com' is set on object 'Object Repository/Log In/Page_PMRS Web Application/input_Username_mat-input-0'

2019-03-11 09:01:52 - [TEST_STEP][PASSED] - setEncryptedText(findTestObject("Object Repository/Log In/Page_PMRS Web Application/input_Username_mat-input-1"), "pvl9UeBNnak165xxUnzI6w=="): Text ****** has been set on object 'Object Repository/Log In/Page_PMRS Web Application/input_Username_mat-input-1'

2019-03-11 09:01:52 - [MESSAGE][PASSED] - Text ****** has been set on object 'Object Repository/Log In/Page_PMRS Web Application/input_Username_mat-input-1'

2019-03-11 09:01:52 - [TEST_STEP][PASSED] - click(findTestObject("Object Repository/Log In/Page_PMRS Web Application/button_Login")): Object: 'Object Repository/Log In/Page_PMRS Web Application/button_Login' is clicked on

2019-03-11 09:01:53 - [MESSAGE][PASSED] - Object: 'Object Repository/Log In/Page_PMRS Web Application/button_Login' is clicked on

2019-03-11 09:01:53 - [MESSAGE][PASSED] - Call Test Case 'Test Cases/Log In' successfully

2019-03-11 09:01:53 - [TEST_STEP][PASSED] - delay(2): Delayed 2 second(s)

2019-03-11 09:01:55 - [MESSAGE][PASSED] - Delayed 2 second(s)

2019-03-11 09:01:55 - [TEST_STEP][PASSED] - callTestCase(findTestCase("Change Doctors"), [:], STOP_ON_FAILURE): Call Test Case 'Test Cases/Change Doctors' successfully

2019-03-11 09:01:55 - [TEST_CASE][PASSED] - Test Cases/Change Doctors: Test Cases/Change Doctors

2019-03-11 09:01:55 - [TEST_STEP][PASSED] - click(findTestObject("Main/Page_PMRS Web Application/Landing Page/div_Dina  Tuto")): Object: 'Object Repository/Main/Page_PMRS Web Application/Landing Page/div_Dina  Tuto' is clicked on

2019-03-11 09:01:55 - [MESSAGE][PASSED] - Object: 'Object Repository/Main/Page_PMRS Web Application/Landing Page/div_Dina  Tuto' is clicked on

2019-03-11 09:01:55 - [TEST_STEP][PASSED] - delay(1): Delayed 1 second(s)

2019-03-11 09:01:56 - [MESSAGE][PASSED] - Delayed 1 second(s)

2019-03-11 09:01:56 - [TEST_STEP][PASSED] - click(findTestObject("Main/Page_PMRS Web Application/Landing Page/Doctor List Dropdown/mat-option_Gregor Di Matibag")): Object: 'Object Repository/Main/Page_PMRS Web Application/Landing Page/Doctor List Dropdown/mat-option_Gregor Di Matibag' is clicked on

2019-03-11 09:01:56 - [MESSAGE][PASSED] - Object: 'Object Repository/Main/Page_PMRS Web Application/Landing Page/Doctor List Dropdown/mat-option_Gregor Di Matibag' is clicked on

2019-03-11 09:01:56 - [MESSAGE][PASSED] - Call Test Case 'Test Cases/Change Doctors' successfully

2019-03-11 09:01:56 - [TEST_STEP][PASSED] - delay(2): Delayed 2 second(s)

2019-03-11 09:01:58 - [MESSAGE][PASSED] - Delayed 2 second(s)

2019-03-11 09:01:58 - [TEST_STEP][PASSED] - callTestCase(findTestCase("Add Appointment Button"), [:], STOP_ON_FAILURE): Call Test Case 'Test Cases/Add Appointment Button' successfully

2019-03-11 09:01:58 - [TEST_CASE][PASSED] - Test Cases/Add Appointment Button: Test Cases/Add Appointment Button

2019-03-11 09:01:58 - [TEST_STEP][PASSED] - verifyElementPresent(findTestObject("Main/Page_PMRS Web Application/Landing Page/Add Button"), 0): Object 'Object Repository/Main/Page_PMRS Web Application/Landing Page/Add Button' is present

2019-03-11 09:01:58 - [MESSAGE][WARNING] - Timeout '0' is invalid. Using default page load timeout: '30'

2019-03-11 09:01:58 - [MESSAGE][PASSED] - Object 'Object Repository/Main/Page_PMRS Web Application/Landing Page/Add Button' is present

2019-03-11 09:01:58 - [TEST_STEP][PASSED] - verifyElementVisible(findTestObject("Main/Page_PMRS Web Application/Landing Page/Add Button")): Object 'Object Repository/Main/Page_PMRS Web Application/Landing Page/Add Button' is visible

2019-03-11 09:01:58 - [MESSAGE][PASSED] - Object 'Object Repository/Main/Page_PMRS Web Application/Landing Page/Add Button' is visible

2019-03-11 09:01:58 - [TEST_STEP][PASSED] - click(findTestObject("Main/Page_PMRS Web Application/Landing Page/Add Button")): Object: 'Object Repository/Main/Page_PMRS Web Application/Landing Page/Add Button' is clicked on

2019-03-11 09:01:58 - [MESSAGE][PASSED] - Object: 'Object Repository/Main/Page_PMRS Web Application/Landing Page/Add Button' is clicked on

2019-03-11 09:01:58 - [MESSAGE][PASSED] - Call Test Case 'Test Cases/Add Appointment Button' successfully

2019-03-11 09:01:58 - [TEST_STEP][PASSED] - setText(findTestObject("Main/Page_PMRS Web Application/Dialog Elements/input_PATIENT_mat-input-2"), "test@gmail.com"): Text 'test@gmail.com' is set on object 'Object Repository/Main/Page_PMRS Web Application/Dialog Elements/input_PATIENT_mat-input-2'

2019-03-11 09:01:59 - [MESSAGE][PASSED] - Text 'test@gmail.com' is set on object 'Object Repository/Main/Page_PMRS Web Application/Dialog Elements/input_PATIENT_mat-input-2'

2019-03-11 09:01:59 - [TEST_STEP][PASSED] - click(findTestObject("Main/Page_PMRS Web Application/Dialog Elements/Labels, Titles/h1_Add Appointment")): Object: 'Object Repository/Main/Page_PMRS Web Application/Dialog Elements/Labels, Titles/h1_Add Appointment' is clicked on

2019-03-11 09:01:59 - [MESSAGE][PASSED] - Object: 'Object Repository/Main/Page_PMRS Web Application/Dialog Elements/Labels, Titles/h1_Add Appointment' is clicked on

2019-03-11 09:01:59 - [TEST_STEP][PASSED] - setText(findTestObject("Main/Page_PMRS Web Application/Dialog Elements/input_NICKNAME_mat-input-3"), "134]2'41]4[1;3"): Text '134]2'41]4[1;3' is set on object 'Object Repository/Main/Page_PMRS Web Application/Dialog Elements/input_NICKNAME_mat-input-3'

2019-03-11 09:02:00 - [MESSAGE][PASSED] - Text '134]2'41]4[1;3' is set on object 'Object Repository/Main/Page_PMRS Web Application/Dialog Elements/input_NICKNAME_mat-input-3'

2019-03-11 09:02:00 - [TEST_STEP][PASSED] - click(findTestObject("Main/Page_PMRS Web Application/Dialog Elements/button_CONFIRM")): Object: 'Object Repository/Main/Page_PMRS Web Application/Dialog Elements/button_CONFIRM' is clicked on

2019-03-11 09:02:00 - [MESSAGE][PASSED] - Object: 'Object Repository/Main/Page_PMRS Web Application/Dialog Elements/button_CONFIRM' is clicked on

2019-03-11 09:02:00 - [TEST_STEP][PASSED] - delay(1): Delayed 1 second(s)

2019-03-11 09:02:01 - [MESSAGE][PASSED] - Delayed 1 second(s)

2019-03-11 09:02:01 - [TEST_STEP][PASSED] - verifyElementVisible(findTestObject("Main/Page_PMRS Web Application/Dialog Elements/input_NICKNAME_mat-input-3")): Object 'Object Repository/Main/Page_PMRS Web Application/Dialog Elements/input_NICKNAME_mat-input-3' is visible

2019-03-11 09:02:01 - [MESSAGE][PASSED] - Object 'Object Repository/Main/Page_PMRS Web Application/Dialog Elements/input_NICKNAME_mat-input-3' is visible]]></system-out>
         <system-err><![CDATA[]]></system-err>
      </testcase>
      <testcase name="Test Cases/Queue Management/QM-019" classname="Test Cases/Queue Management/QM-019" status="PASSED">
         <system-out><![CDATA[2019-03-11 09:02:01 - [TEST_CASE][PASSED] - Test Cases/Queue Management/QM-019: Test Cases/Queue Management/QM-019

2019-03-11 09:02:01 - [TEST_STEP][PASSED] - openBrowser(""): Browser is opened with url: ''

2019-03-11 09:02:01 - [MESSAGE][WARNING] - A browser is already opened. Closing browser and opening a new one

2019-03-11 09:02:01 - [MESSAGE][INFO] - Starting 'Chrome' driver

2019-03-11 09:02:02 - [MESSAGE][PASSED] - Browser is opened with url: ''

2019-03-11 09:02:02 - [TEST_STEP][PASSED] - navigateToUrl("https://pmrsqa.eschost2.com/"): Navigate to 'https://pmrsqa.eschost2.com/' successfully

2019-03-11 09:02:05 - [MESSAGE][PASSED] - Navigate to 'https://pmrsqa.eschost2.com/' successfully

2019-03-11 09:02:05 - [TEST_STEP][PASSED] - callTestCase(findTestCase("Log In"), [:], STOP_ON_FAILURE): Call Test Case 'Test Cases/Log In' successfully

2019-03-11 09:02:05 - [TEST_CASE][PASSED] - Test Cases/Log In: Test Cases/Log In

2019-03-11 09:02:05 - [TEST_STEP][PASSED] - delay(2): Delayed 2 second(s)

2019-03-11 09:02:07 - [MESSAGE][PASSED] - Delayed 2 second(s)

2019-03-11 09:02:07 - [TEST_STEP][PASSED] - setText(findTestObject("Object Repository/Log In/Page_PMRS Web Application/input_Username_mat-input-0"), "hughes.m@electronicscience.com"): Text 'hughes.m@electronicscience.com' is set on object 'Object Repository/Log In/Page_PMRS Web Application/input_Username_mat-input-0'

2019-03-11 09:02:07 - [MESSAGE][PASSED] - Text 'hughes.m@electronicscience.com' is set on object 'Object Repository/Log In/Page_PMRS Web Application/input_Username_mat-input-0'

2019-03-11 09:02:07 - [TEST_STEP][PASSED] - setEncryptedText(findTestObject("Object Repository/Log In/Page_PMRS Web Application/input_Username_mat-input-1"), "pvl9UeBNnak165xxUnzI6w=="): Text ****** has been set on object 'Object Repository/Log In/Page_PMRS Web Application/input_Username_mat-input-1'

2019-03-11 09:02:07 - [MESSAGE][PASSED] - Text ****** has been set on object 'Object Repository/Log In/Page_PMRS Web Application/input_Username_mat-input-1'

2019-03-11 09:02:07 - [TEST_STEP][PASSED] - click(findTestObject("Object Repository/Log In/Page_PMRS Web Application/button_Login")): Object: 'Object Repository/Log In/Page_PMRS Web Application/button_Login' is clicked on

2019-03-11 09:02:08 - [MESSAGE][PASSED] - Object: 'Object Repository/Log In/Page_PMRS Web Application/button_Login' is clicked on

2019-03-11 09:02:08 - [MESSAGE][PASSED] - Call Test Case 'Test Cases/Log In' successfully

2019-03-11 09:02:08 - [TEST_STEP][PASSED] - delay(2): Delayed 2 second(s)

2019-03-11 09:02:10 - [MESSAGE][PASSED] - Delayed 2 second(s)

2019-03-11 09:02:10 - [TEST_STEP][PASSED] - callTestCase(findTestCase("Change Doctors"), [:], STOP_ON_FAILURE): Call Test Case 'Test Cases/Change Doctors' successfully

2019-03-11 09:02:10 - [TEST_CASE][PASSED] - Test Cases/Change Doctors: Test Cases/Change Doctors

2019-03-11 09:02:10 - [TEST_STEP][PASSED] - click(findTestObject("Main/Page_PMRS Web Application/Landing Page/div_Dina  Tuto")): Object: 'Object Repository/Main/Page_PMRS Web Application/Landing Page/div_Dina  Tuto' is clicked on

2019-03-11 09:02:10 - [MESSAGE][PASSED] - Object: 'Object Repository/Main/Page_PMRS Web Application/Landing Page/div_Dina  Tuto' is clicked on

2019-03-11 09:02:10 - [TEST_STEP][PASSED] - delay(1): Delayed 1 second(s)

2019-03-11 09:02:11 - [MESSAGE][PASSED] - Delayed 1 second(s)

2019-03-11 09:02:11 - [TEST_STEP][PASSED] - click(findTestObject("Main/Page_PMRS Web Application/Landing Page/Doctor List Dropdown/mat-option_Gregor Di Matibag")): Object: 'Object Repository/Main/Page_PMRS Web Application/Landing Page/Doctor List Dropdown/mat-option_Gregor Di Matibag' is clicked on

2019-03-11 09:02:11 - [MESSAGE][PASSED] - Object: 'Object Repository/Main/Page_PMRS Web Application/Landing Page/Doctor List Dropdown/mat-option_Gregor Di Matibag' is clicked on

2019-03-11 09:02:11 - [MESSAGE][PASSED] - Call Test Case 'Test Cases/Change Doctors' successfully

2019-03-11 09:02:11 - [TEST_STEP][PASSED] - delay(2): Delayed 2 second(s)

2019-03-11 09:02:13 - [MESSAGE][PASSED] - Delayed 2 second(s)

2019-03-11 09:02:13 - [TEST_STEP][PASSED] - callTestCase(findTestCase("Add Appointment Button"), [:], STOP_ON_FAILURE): Call Test Case 'Test Cases/Add Appointment Button' successfully

2019-03-11 09:02:13 - [TEST_CASE][PASSED] - Test Cases/Add Appointment Button: Test Cases/Add Appointment Button

2019-03-11 09:02:13 - [TEST_STEP][PASSED] - verifyElementPresent(findTestObject("Main/Page_PMRS Web Application/Landing Page/Add Button"), 0): Object 'Object Repository/Main/Page_PMRS Web Application/Landing Page/Add Button' is present

2019-03-11 09:02:13 - [MESSAGE][WARNING] - Timeout '0' is invalid. Using default page load timeout: '30'

2019-03-11 09:02:13 - [MESSAGE][PASSED] - Object 'Object Repository/Main/Page_PMRS Web Application/Landing Page/Add Button' is present

2019-03-11 09:02:13 - [TEST_STEP][PASSED] - verifyElementVisible(findTestObject("Main/Page_PMRS Web Application/Landing Page/Add Button")): Object 'Object Repository/Main/Page_PMRS Web Application/Landing Page/Add Button' is visible

2019-03-11 09:02:13 - [MESSAGE][PASSED] - Object 'Object Repository/Main/Page_PMRS Web Application/Landing Page/Add Button' is visible

2019-03-11 09:02:13 - [TEST_STEP][PASSED] - click(findTestObject("Main/Page_PMRS Web Application/Landing Page/Add Button")): Object: 'Object Repository/Main/Page_PMRS Web Application/Landing Page/Add Button' is clicked on

2019-03-11 09:02:14 - [MESSAGE][PASSED] - Object: 'Object Repository/Main/Page_PMRS Web Application/Landing Page/Add Button' is clicked on

2019-03-11 09:02:14 - [MESSAGE][PASSED] - Call Test Case 'Test Cases/Add Appointment Button' successfully

2019-03-11 09:02:14 - [TEST_STEP][PASSED] - setText(findTestObject("Main/Page_PMRS Web Application/Dialog Elements/input_PATIENT_mat-input-2"), "test@gmail.com"): Text 'test@gmail.com' is set on object 'Object Repository/Main/Page_PMRS Web Application/Dialog Elements/input_PATIENT_mat-input-2'

2019-03-11 09:02:15 - [MESSAGE][PASSED] - Text 'test@gmail.com' is set on object 'Object Repository/Main/Page_PMRS Web Application/Dialog Elements/input_PATIENT_mat-input-2'

2019-03-11 09:02:15 - [TEST_STEP][PASSED] - click(findTestObject("Main/Page_PMRS Web Application/Dialog Elements/Labels, Titles/h1_Add Appointment")): Object: 'Object Repository/Main/Page_PMRS Web Application/Dialog Elements/Labels, Titles/h1_Add Appointment' is clicked on

2019-03-11 09:02:15 - [MESSAGE][PASSED] - Object: 'Object Repository/Main/Page_PMRS Web Application/Dialog Elements/Labels, Titles/h1_Add Appointment' is clicked on

2019-03-11 09:02:15 - [TEST_STEP][PASSED] - setText(findTestObject("Main/Page_PMRS Web Application/Dialog Elements/input_NICKNAME_mat-input-3"), "123]12'3]123;;1]"): Text '123]12'3]123;;1]' is set on object 'Object Repository/Main/Page_PMRS Web Application/Dialog Elements/input_NICKNAME_mat-input-3'

2019-03-11 09:02:15 - [MESSAGE][PASSED] - Text '123]12'3]123;;1]' is set on object 'Object Repository/Main/Page_PMRS Web Application/Dialog Elements/input_NICKNAME_mat-input-3'

2019-03-11 09:02:15 - [TEST_STEP][PASSED] - click(findTestObject("Main/Page_PMRS Web Application/Dialog Elements/button_CONFIRM")): Object: 'Object Repository/Main/Page_PMRS Web Application/Dialog Elements/button_CONFIRM' is clicked on

2019-03-11 09:02:15 - [MESSAGE][PASSED] - Object: 'Object Repository/Main/Page_PMRS Web Application/Dialog Elements/button_CONFIRM' is clicked on

2019-03-11 09:02:15 - [TEST_STEP][PASSED] - delay(1): Delayed 1 second(s)

2019-03-11 09:02:16 - [MESSAGE][PASSED] - Delayed 1 second(s)

2019-03-11 09:02:16 - [TEST_STEP][PASSED] - click(findTestObject("Main/Page_PMRS Web Application/Dialog Elements/button_CONFIRM")): Object: 'Object Repository/Main/Page_PMRS Web Application/Dialog Elements/button_CONFIRM' is clicked on

2019-03-11 09:02:16 - [MESSAGE][PASSED] - Object: 'Object Repository/Main/Page_PMRS Web Application/Dialog Elements/button_CONFIRM' is clicked on

2019-03-11 09:02:16 - [TEST_STEP][PASSED] - setText(findTestObject("Main/Page_PMRS Web Application/Dialog Elements/input_NICKNAME_mat-input-3"), "testname"): Text 'testname' is set on object 'Object Repository/Main/Page_PMRS Web Application/Dialog Elements/input_NICKNAME_mat-input-3'

2019-03-11 09:02:16 - [MESSAGE][PASSED] - Text 'testname' is set on object 'Object Repository/Main/Page_PMRS Web Application/Dialog Elements/input_NICKNAME_mat-input-3'

2019-03-11 09:02:16 - [TEST_STEP][PASSED] - click(findTestObject("Main/Page_PMRS Web Application/Dialog Elements/button_CONFIRM")): Object: 'Object Repository/Main/Page_PMRS Web Application/Dialog Elements/button_CONFIRM' is clicked on

2019-03-11 09:02:17 - [MESSAGE][PASSED] - Object: 'Object Repository/Main/Page_PMRS Web Application/Dialog Elements/button_CONFIRM' is clicked on]]></system-out>
         <system-err><![CDATA[]]></system-err>
      </testcase>
      <testcase name="Test Cases/Queue Management/QM-020" classname="Test Cases/Queue Management/QM-020" status="PASSED">
         <system-out><![CDATA[2019-03-11 09:02:17 - [TEST_CASE][PASSED] - Test Cases/Queue Management/QM-020: Test Cases/Queue Management/QM-020

2019-03-11 09:02:17 - [TEST_STEP][PASSED] - openBrowser(""): Browser is opened with url: ''

2019-03-11 09:02:17 - [MESSAGE][WARNING] - A browser is already opened. Closing browser and opening a new one

2019-03-11 09:02:17 - [MESSAGE][INFO] - Starting 'Chrome' driver

2019-03-11 09:02:18 - [MESSAGE][PASSED] - Browser is opened with url: ''

2019-03-11 09:02:18 - [TEST_STEP][PASSED] - navigateToUrl("https://pmrsqa.eschost2.com/"): Navigate to 'https://pmrsqa.eschost2.com/' successfully

2019-03-11 09:02:20 - [MESSAGE][PASSED] - Navigate to 'https://pmrsqa.eschost2.com/' successfully

2019-03-11 09:02:20 - [TEST_STEP][PASSED] - callTestCase(findTestCase("Log In"), [:], STOP_ON_FAILURE): Call Test Case 'Test Cases/Log In' successfully

2019-03-11 09:02:20 - [TEST_CASE][PASSED] - Test Cases/Log In: Test Cases/Log In

2019-03-11 09:02:20 - [TEST_STEP][PASSED] - delay(2): Delayed 2 second(s)

2019-03-11 09:02:22 - [MESSAGE][PASSED] - Delayed 2 second(s)

2019-03-11 09:02:22 - [TEST_STEP][PASSED] - setText(findTestObject("Object Repository/Log In/Page_PMRS Web Application/input_Username_mat-input-0"), "hughes.m@electronicscience.com"): Text 'hughes.m@electronicscience.com' is set on object 'Object Repository/Log In/Page_PMRS Web Application/input_Username_mat-input-0'

2019-03-11 09:02:23 - [MESSAGE][PASSED] - Text 'hughes.m@electronicscience.com' is set on object 'Object Repository/Log In/Page_PMRS Web Application/input_Username_mat-input-0'

2019-03-11 09:02:23 - [TEST_STEP][PASSED] - setEncryptedText(findTestObject("Object Repository/Log In/Page_PMRS Web Application/input_Username_mat-input-1"), "pvl9UeBNnak165xxUnzI6w=="): Text ****** has been set on object 'Object Repository/Log In/Page_PMRS Web Application/input_Username_mat-input-1'

2019-03-11 09:02:23 - [MESSAGE][PASSED] - Text ****** has been set on object 'Object Repository/Log In/Page_PMRS Web Application/input_Username_mat-input-1'

2019-03-11 09:02:23 - [TEST_STEP][PASSED] - click(findTestObject("Object Repository/Log In/Page_PMRS Web Application/button_Login")): Object: 'Object Repository/Log In/Page_PMRS Web Application/button_Login' is clicked on

2019-03-11 09:02:23 - [MESSAGE][PASSED] - Object: 'Object Repository/Log In/Page_PMRS Web Application/button_Login' is clicked on

2019-03-11 09:02:24 - [MESSAGE][PASSED] - Call Test Case 'Test Cases/Log In' successfully

2019-03-11 09:02:24 - [TEST_STEP][PASSED] - delay(2): Delayed 2 second(s)

2019-03-11 09:02:26 - [MESSAGE][PASSED] - Delayed 2 second(s)

2019-03-11 09:02:26 - [TEST_STEP][PASSED] - callTestCase(findTestCase("Change Doctors"), [:], STOP_ON_FAILURE): Call Test Case 'Test Cases/Change Doctors' successfully

2019-03-11 09:02:26 - [TEST_CASE][PASSED] - Test Cases/Change Doctors: Test Cases/Change Doctors

2019-03-11 09:02:26 - [TEST_STEP][PASSED] - click(findTestObject("Main/Page_PMRS Web Application/Landing Page/div_Dina  Tuto")): Object: 'Object Repository/Main/Page_PMRS Web Application/Landing Page/div_Dina  Tuto' is clicked on

2019-03-11 09:02:26 - [MESSAGE][PASSED] - Object: 'Object Repository/Main/Page_PMRS Web Application/Landing Page/div_Dina  Tuto' is clicked on

2019-03-11 09:02:26 - [TEST_STEP][PASSED] - delay(1): Delayed 1 second(s)

2019-03-11 09:02:27 - [MESSAGE][PASSED] - Delayed 1 second(s)

2019-03-11 09:02:27 - [TEST_STEP][PASSED] - click(findTestObject("Main/Page_PMRS Web Application/Landing Page/Doctor List Dropdown/mat-option_Gregor Di Matibag")): Object: 'Object Repository/Main/Page_PMRS Web Application/Landing Page/Doctor List Dropdown/mat-option_Gregor Di Matibag' is clicked on

2019-03-11 09:02:27 - [MESSAGE][PASSED] - Object: 'Object Repository/Main/Page_PMRS Web Application/Landing Page/Doctor List Dropdown/mat-option_Gregor Di Matibag' is clicked on

2019-03-11 09:02:27 - [MESSAGE][PASSED] - Call Test Case 'Test Cases/Change Doctors' successfully

2019-03-11 09:02:27 - [TEST_STEP][PASSED] - delay(2): Delayed 2 second(s)

2019-03-11 09:02:29 - [MESSAGE][PASSED] - Delayed 2 second(s)

2019-03-11 09:02:29 - [TEST_STEP][PASSED] - callTestCase(findTestCase("Add Appointment Button"), [:], STOP_ON_FAILURE): Call Test Case 'Test Cases/Add Appointment Button' successfully

2019-03-11 09:02:29 - [TEST_CASE][PASSED] - Test Cases/Add Appointment Button: Test Cases/Add Appointment Button

2019-03-11 09:02:29 - [TEST_STEP][PASSED] - verifyElementPresent(findTestObject("Main/Page_PMRS Web Application/Landing Page/Add Button"), 0): Object 'Object Repository/Main/Page_PMRS Web Application/Landing Page/Add Button' is present

2019-03-11 09:02:29 - [MESSAGE][WARNING] - Timeout '0' is invalid. Using default page load timeout: '30'

2019-03-11 09:02:29 - [MESSAGE][PASSED] - Object 'Object Repository/Main/Page_PMRS Web Application/Landing Page/Add Button' is present

2019-03-11 09:02:29 - [TEST_STEP][PASSED] - verifyElementVisible(findTestObject("Main/Page_PMRS Web Application/Landing Page/Add Button")): Object 'Object Repository/Main/Page_PMRS Web Application/Landing Page/Add Button' is visible

2019-03-11 09:02:29 - [MESSAGE][PASSED] - Object 'Object Repository/Main/Page_PMRS Web Application/Landing Page/Add Button' is visible

2019-03-11 09:02:29 - [TEST_STEP][PASSED] - click(findTestObject("Main/Page_PMRS Web Application/Landing Page/Add Button")): Object: 'Object Repository/Main/Page_PMRS Web Application/Landing Page/Add Button' is clicked on

2019-03-11 09:02:29 - [MESSAGE][PASSED] - Object: 'Object Repository/Main/Page_PMRS Web Application/Landing Page/Add Button' is clicked on

2019-03-11 09:02:29 - [MESSAGE][PASSED] - Call Test Case 'Test Cases/Add Appointment Button' successfully

2019-03-11 09:02:29 - [TEST_STEP][PASSED] - setText(findTestObject("Main/Page_PMRS Web Application/Dialog Elements/input_PATIENT_mat-input-2"), "SAD;FAS]F[AS];[;A]F[;@gmail.com"): Text 'SAD;FAS]F[AS];[;A]F[;@gmail.com' is set on object 'Object Repository/Main/Page_PMRS Web Application/Dialog Elements/input_PATIENT_mat-input-2'

2019-03-11 09:02:31 - [MESSAGE][PASSED] - Text 'SAD;FAS]F[AS];[;A]F[;@gmail.com' is set on object 'Object Repository/Main/Page_PMRS Web Application/Dialog Elements/input_PATIENT_mat-input-2'

2019-03-11 09:02:31 - [TEST_STEP][PASSED] - click(findTestObject("Main/Page_PMRS Web Application/Dialog Elements/Labels, Titles/h1_Add Appointment")): Object: 'Object Repository/Main/Page_PMRS Web Application/Dialog Elements/Labels, Titles/h1_Add Appointment' is clicked on

2019-03-11 09:02:31 - [MESSAGE][PASSED] - Object: 'Object Repository/Main/Page_PMRS Web Application/Dialog Elements/Labels, Titles/h1_Add Appointment' is clicked on

2019-03-11 09:02:31 - [TEST_STEP][PASSED] - setText(findTestObject("Main/Page_PMRS Web Application/Dialog Elements/input_NICKNAME_mat-input-3"), "1'23[21'321[;]4;"): Text '1'23[21'321[;]4;' is set on object 'Object Repository/Main/Page_PMRS Web Application/Dialog Elements/input_NICKNAME_mat-input-3'

2019-03-11 09:02:31 - [MESSAGE][PASSED] - Text '1'23[21'321[;]4;' is set on object 'Object Repository/Main/Page_PMRS Web Application/Dialog Elements/input_NICKNAME_mat-input-3'

2019-03-11 09:02:31 - [TEST_STEP][PASSED] - click(findTestObject("Main/Page_PMRS Web Application/Dialog Elements/button_CONFIRM")): Object: 'Object Repository/Main/Page_PMRS Web Application/Dialog Elements/button_CONFIRM' is clicked on

2019-03-11 09:02:31 - [MESSAGE][PASSED] - Object: 'Object Repository/Main/Page_PMRS Web Application/Dialog Elements/button_CONFIRM' is clicked on

2019-03-11 09:02:31 - [TEST_STEP][PASSED] - delay(1): Delayed 1 second(s)

2019-03-11 09:02:32 - [MESSAGE][PASSED] - Delayed 1 second(s)

2019-03-11 09:02:32 - [TEST_STEP][PASSED] - click(findTestObject("Main/Page_PMRS Web Application/Dialog Elements/button_CONFIRM")): Object: 'Object Repository/Main/Page_PMRS Web Application/Dialog Elements/button_CONFIRM' is clicked on

2019-03-11 09:02:32 - [MESSAGE][PASSED] - Object: 'Object Repository/Main/Page_PMRS Web Application/Dialog Elements/button_CONFIRM' is clicked on

2019-03-11 09:02:32 - [TEST_STEP][PASSED] - delay(1): Delayed 1 second(s)

2019-03-11 09:02:33 - [MESSAGE][PASSED] - Delayed 1 second(s)

2019-03-11 09:02:33 - [TEST_STEP][PASSED] - setText(findTestObject("Main/Page_PMRS Web Application/Dialog Elements/input_PATIENT_mat-input-2"), "test@gmail.com"): Text 'test@gmail.com' is set on object 'Object Repository/Main/Page_PMRS Web Application/Dialog Elements/input_PATIENT_mat-input-2'

2019-03-11 09:02:34 - [MESSAGE][PASSED] - Text 'test@gmail.com' is set on object 'Object Repository/Main/Page_PMRS Web Application/Dialog Elements/input_PATIENT_mat-input-2'

2019-03-11 09:02:34 - [TEST_STEP][PASSED] - click(findTestObject("Main/Page_PMRS Web Application/Dialog Elements/Labels, Titles/h1_Add Appointment")): Object: 'Object Repository/Main/Page_PMRS Web Application/Dialog Elements/Labels, Titles/h1_Add Appointment' is clicked on

2019-03-11 09:02:34 - [MESSAGE][PASSED] - Object: 'Object Repository/Main/Page_PMRS Web Application/Dialog Elements/Labels, Titles/h1_Add Appointment' is clicked on

2019-03-11 09:02:34 - [TEST_STEP][PASSED] - setText(findTestObject("Main/Page_PMRS Web Application/Dialog Elements/input_NICKNAME_mat-input-3"), "testname"): Text 'testname' is set on object 'Object Repository/Main/Page_PMRS Web Application/Dialog Elements/input_NICKNAME_mat-input-3'

2019-03-11 09:02:34 - [MESSAGE][PASSED] - Text 'testname' is set on object 'Object Repository/Main/Page_PMRS Web Application/Dialog Elements/input_NICKNAME_mat-input-3'

2019-03-11 09:02:34 - [TEST_STEP][PASSED] - click(findTestObject("Main/Page_PMRS Web Application/Dialog Elements/button_CONFIRM")): Object: 'Object Repository/Main/Page_PMRS Web Application/Dialog Elements/button_CONFIRM' is clicked on

2019-03-11 09:02:34 - [MESSAGE][PASSED] - Object: 'Object Repository/Main/Page_PMRS Web Application/Dialog Elements/button_CONFIRM' is clicked on]]></system-out>
         <system-err><![CDATA[]]></system-err>
      </testcase>
      <system-out><![CDATA[2019-03-11 08:59:25 - [TEST_SUITE][PASSED] - Test1: Test Cases/Queue Management/QM-020]]></system-out>
      <system-err><![CDATA[]]></system-err>
   </testsuite>
</testsuites>
